<?xml version="1.0" encoding="utf-8"?><testsuites name="pytest tests"><testsuite name="pytest" errors="0" failures="0" skipped="0" tests="15" time="4.456" timestamp="2026-07-26T16:32:58.999653+00:00" hostname="agent-env-1494adb4-9ac7-4c55-8aae-9641c484f2f7"><testcase classname="backend.tests.test_fifo_debt_payment.TestCustomerFIFOPayment" name="test_01_create_credit_sales_same_customer" time="2.758" /><testcase classname="backend.tests.test_fifo_debt_payment.TestCustomerFIFOPayment" name="test_02_customer_detail_has_three_unpaid_sales" time="0.098" /><testcase classname="backend.tests.test_fifo_debt_payment.TestCustomerFIFOPayment" name="test_03_partial_payment_fifo_settles_oldest_first" time="0.106" /><testcase classname="backend.tests.test_fifo_debt_payment.TestCustomerFIFOPayment" name="test_04_customer_detail_reflects_allocation" time="0.105" /><testcase classname="backend.tests.test_fifo_debt_payment.TestCustomerFIFOPayment" name="test_05_second_partial_continues_from_middle_sale" time="0.103" /><testcase classname="backend.tests.test_fifo_debt_payment.TestCustomerFIFOPayment" name="test_06_overpayment_rejected_with_400" time="0.101" /><testcase classname="backend.tests.test_fifo_debt_payment.TestCustomerFIFOPayment" name="test_07_full_payment_settles_and_marks_customer_paid" time="0.214" /><testcase classname="backend.tests.test_fifo_debt_payment.TestCustomerFIFOPayment" name="test_08_payment_on_settled_customer_rejected" time="0.143" /><testcase classname="backend.tests.test_fifo_debt_payment.TestCustomerFIFOPayment" name="test_09_customers_list_still_works_regression" time="0.106" /><testcase classname="backend.tests.test_fifo_debt_payment.TestSupplierFIFOPayment" name="test_01_get_supplier_accounts_overview" time="0.104" /><testcase classname="backend.tests.test_fifo_debt_payment.TestSupplierFIFOPayment" name="test_02_unpaid_invoices_endpoint_fifo_sorted" time="0.103" /><testcase classname="backend.tests.test_fifo_debt_payment.TestRegression" name="test_summary_still_works" time="0.102" /><testcase classname="backend.tests.test_fifo_debt_payment.TestRegression" name="test_supplier_accounts_list_still_works" time="0.125" /><testcase classname="backend.tests.test_fifo_debt_payment.TestRegression" name="test_customers_list_still_works" time="0.098" /><testcase classname="backend.tests.test_fifo_debt_payment.TestRegression" name="test_medicines_search_still_works" time="0.098" /></testsuite></testsuites>