<?xml version="1.0" encoding="utf-8"?><testsuites name="pytest tests"><testsuite name="pytest" errors="0" failures="0" skipped="0" tests="26" time="16.538" timestamp="2026-07-06T11:05:06.626014+00:00" hostname="agent-env-1494adb4-9ac7-4c55-8aae-9641c484f2f7"><testcase classname="backend.tests.test_notifications_system.TestNotificationCenter" name="test_list_notifications_paginated" time="0.331" /><testcase classname="backend.tests.test_notifications_system.TestNotificationCenter" name="test_unread_count" time="0.139" /><testcase classname="backend.tests.test_notifications_system.TestNotificationCenter" name="test_mark_read_nonexistent_404" time="0.139" /><testcase classname="backend.tests.test_notifications_system.TestNotificationCenter" name="test_delete_nonexistent_404" time="0.131" /><testcase classname="backend.tests.test_notifications_system.TestNotificationCenter" name="test_mark_all_read" time="0.287" /><testcase classname="backend.tests.test_notifications_system.TestPreferences" name="test_get_default" time="0.268" /><testcase classname="backend.tests.test_notifications_system.TestPreferences" name="test_put_partial_no_500" time="0.332" /><testcase classname="backend.tests.test_notifications_system.TestPassword" name="test_wrong_current_400_arabic" time="0.136" /><testcase classname="backend.tests.test_notifications_system.TestPassword" name="test_change_and_reset" time="1.031" /><testcase classname="backend.tests.test_notifications_system.TestProfile" name="test_get_profile_no_password" time="0.132" /><testcase classname="backend.tests.test_notifications_system.TestProfile" name="test_patch_profile" time="0.275" /><testcase classname="backend.tests.test_notifications_system.TestAdminPanel" name="test_pharmacy_cannot_send" time="0.131" /><testcase classname="backend.tests.test_notifications_system.TestAdminPanel" name="test_audience_summary" time="0.258" /><testcase classname="backend.tests.test_notifications_system.TestAdminPanel" name="test_send_to_all" time="1.630" /><testcase classname="backend.tests.test_notifications_system.TestAdminPanel" name="test_send_to_role_pharmacy" time="0.645" /><testcase classname="backend.tests.test_notifications_system.TestAdminPanel" name="test_schedule_and_run" time="7.362" /><testcase classname="backend.tests.test_notifications_system.TestAdminPanel" name="test_schedule_and_cancel" time="0.434" /><testcase classname="backend.tests.test_notifications_system.TestAdminPanel" name="test_cancel_sent_batch_400" time="0.306" /><testcase classname="backend.tests.test_notifications_system.TestAdminPanel" name="test_history_sorted" time="0.131" /><testcase classname="backend.tests.test_notifications_system.TestRegisterPush" name="test_placeholder_returns_queued" time="0.269" /><testcase classname="backend.tests.test_notifications_system.TestRegisterPush" name="test_wrong_user_id_403" time="0.137" /><testcase classname="backend.tests.test_notifications_system.TestIsolation" name="test_supplier_cannot_read_pharmacy_notification" time="0.543" /><testcase classname="backend.tests.test_notifications_system.TestExpiredList" name="test_pharmacy_ok" time="0.134" /><testcase classname="backend.tests.test_notifications_system.TestExpiredList" name="test_supplier_403" time="0.134" /><testcase classname="backend.tests.test_notifications_system.TestSchedulerManual" name="test_daily_expiry_scan_and_dedupe" time="0.974" /><testcase classname="backend.tests.test_notifications_system.TestSchedulerManual" name="test_weekly_expired_report" time="0.032" /></testsuite></testsuites>