<?xml version="1.0" encoding="utf-8"?><testsuites name="pytest tests"><testsuite name="pytest" errors="0" failures="0" skipped="0" tests="54" time="11.238" timestamp="2026-07-25T22:23:08.593668+00:00" hostname="agent-env-1494adb4-9ac7-4c55-8aae-9641c484f2f7"><testcase classname="tests.test_fifo_inventory.TestFIFOFullFlow" name="test_A_buy_v2_creates_medicine_and_batch" time="0.237" /><testcase classname="tests.test_fifo_inventory.TestFIFOFullFlow" name="test_B_buy_more_at_150" time="0.103" /><testcase classname="tests.test_fifo_inventory.TestFIFOFullFlow" name="test_C_buy_more_at_180" time="0.098" /><testcase classname="tests.test_fifo_inventory.TestFIFOFullFlow" name="test_D_batches_endpoint_shows_three_batches" time="0.117" /><testcase classname="tests.test_fifo_inventory.TestFIFOFullFlow" name="test_E_sell_15_units_fifo" time="0.109" /><testcase classname="tests.test_fifo_inventory.TestFIFOFullFlow" name="test_F_sell_25_units_fifo" time="0.105" /><testcase classname="tests.test_fifo_inventory.TestFIFOFullFlow" name="test_G_batches_after_sales" time="0.120" /><testcase classname="tests.test_fifo_inventory.TestFIFOFullFlow" name="test_H_insufficient_stock_error" time="0.107" /><testcase classname="tests.test_fifo_inventory.TestFIFOFullFlow" name="test_I_profit_report_day" time="0.099" /><testcase classname="tests.test_fifo_inventory.TestBatchesRestoreDirect" name="test_restore_after_partial_sell" time="0.420" /><testcase classname="tests.test_returns_flow.TestReturnsSetup" name="test_00_supplier_id_from_login" time="0.109" /><testcase classname="tests.test_returns_flow.TestReturnsSetup" name="test_01_seed_two_medicines_with_batches" time="0.406" /><testcase classname="tests.test_returns_flow.TestReturnsSetup" name="test_02_partially_consume_med_a" time="0.239" /><testcase classname="tests.test_returns_flow.TestSupplierOrderChain" name="test_10_commit_supplier_order" time="0.107" /><testcase classname="tests.test_returns_flow.TestSupplierOrderChain" name="test_11_supplier_accept_process_deliver" time="0.463" /><testcase classname="tests.test_returns_flow.TestSupplierOrderChain" name="test_12_pharmacy_confirm_receipt_completes_order" time="0.108" /><testcase classname="tests.test_returns_flow.TestSupplierOrderChain" name="test_13_supplier_debit_reflects_completed_order" time="0.112" /><testcase classname="tests.test_returns_flow.TestReturnsHappyPath" name="test_20_create_return_valid" time="0.123" /><testcase classname="tests.test_returns_flow.TestReturnsHappyPath" name="test_21_return_over_quantity_rejected" time="0.106" /><testcase classname="tests.test_returns_flow.TestReturnsHappyPath" name="test_22_supplier_approves_return" time="0.109" /><testcase classname="tests.test_returns_flow.TestReturnsHappyPath" name="test_23_pharmacy_marks_shipped" time="0.103" /><testcase classname="tests.test_returns_flow.TestReturnsHappyPath" name="test_24_supplier_confirms_receipt_deducts_stock_and_credits" time="0.127" /><testcase classname="tests.test_returns_flow.TestReturnsHappyPath" name="test_25_batches_lifo_deduct_med_a" time="0.102" /><testcase classname="tests.test_returns_flow.TestReturnsHappyPath" name="test_26_batches_lifo_deduct_med_b" time="0.095" /><testcase classname="tests.test_returns_flow.TestReturnsHappyPath" name="test_27_supplier_ledger_entry_created" time="0.149" /><testcase classname="tests.test_returns_flow.TestReturnsHappyPath" name="test_28_idempotency_confirm_receipt" time="0.093" /><testcase classname="tests.test_returns_flow.TestReturnsHappyPath" name="test_29_direct_apply_return_credit_is_idempotent" time="0.123" /><testcase classname="tests.test_returns_flow.TestReturnsRejectionPath" name="test_30_create_second_return" time="0.106" /><testcase classname="tests.test_returns_flow.TestReturnsRejectionPath" name="test_31_supplier_rejects" time="0.198" /><testcase classname="tests.test_returns_flow.TestReturnsRejectionPath" name="test_32_no_ledger_entry_for_rejected" time="0.116" /><testcase classname="tests.test_returns_flow.TestReturnsRejectionPath" name="test_33_no_stock_change_after_rejection" time="0.113" /><testcase classname="tests.test_returns_flow.TestReturnsGuards" name="test_40_return_from_pending_order_rejected" time="0.203" /><testcase classname="tests.test_returns_flow.TestReturnsGuards" name="test_41_unauthenticated_returns_endpoint" time="0.115" /><testcase classname="tests.test_returns_flow.TestReturnsGuards" name="test_42_pharmacy_cannot_approve" time="0.114" /><testcase classname="tests.test_returns_flow.TestReturnsProfitReport" name="test_50_profit_report_unaffected_by_returns" time="0.101" /><testcase classname="tests.test_batch_expiry.TestA_BatchCreationPreservesHistory" name="test_two_batches_distinct_expiry" time="0.400" /><testcase classname="tests.test_batch_expiry.TestB_FIFODrainsOldestFirst" name="test_sell_15_drains_batch1" time="0.456" /><testcase classname="tests.test_batch_expiry.TestC_DepletedBatchExcludedFromAlerts" name="test_depleted_earliest_batch_stops_alert" time="0.654" /><testcase classname="tests.test_batch_expiry.TestC_DepletedBatchExcludedFromAlerts" name="test_depleted_past_expiry_batch_not_in_expired_list" time="0.541" /><testcase classname="tests.test_batch_expiry.TestD_AlertsForActiveBatches" name="test_active_7day_batch_triggers_alert" time="0.353" /><testcase classname="tests.test_batch_expiry.TestE_DedupeIdempotency" name="test_scan_twice_no_duplicate" time="0.567" /><testcase classname="tests.test_batch_expiry.TestF_WeeklyExpiredReport" name="test_weekly_dedupe_and_active_only" time="1.233" /><testcase classname="tests.test_batch_expiry.TestG_ExpiredListSchema" name="test_expired_list_returns_batch_details" time="0.455" /><testcase classname="tests.test_batch_expiry.TestSanityGuards" name="test_scan_expiry_requires_auth" time="0.093" /><testcase classname="tests.test_batch_expiry.TestSanityGuards" name="test_scan_expiry_forbids_supplier" time="0.221" /><testcase classname="tests.test_accounting_unlock.TestPharmacyVerifyPassword" name="test_correct_password_returns_ok" time="0.170" /><testcase classname="tests.test_accounting_unlock.TestPharmacyVerifyPassword" name="test_wrong_password_returns_401_arabic" time="0.054" /><testcase classname="tests.test_accounting_unlock.TestPharmacyVerifyPassword" name="test_empty_password_returns_401_arabic" time="0.069" /><testcase classname="tests.test_accounting_unlock.TestPharmacyVerifyPassword" name="test_no_auth_header_returns_401" time="0.059" /><testcase classname="tests.test_accounting_unlock.TestPharmacyVerifyPassword" name="test_invalid_body_returns_422" time="0.066" /><testcase classname="tests.test_accounting_unlock.TestSupplierVerifyPassword" name="test_correct_password_returns_ok" time="0.105" /><testcase classname="tests.test_accounting_unlock.TestSupplierVerifyPassword" name="test_pharmacy_password_rejected" time="0.057" /><testcase classname="tests.test_accounting_unlock.TestAdminVerifyPassword" name="test_correct_password_returns_ok" time="0.118" /><testcase classname="tests.test_accounting_unlock.TestPasswordRotationAffectsUnlockCode" name="test_rotate_and_verify" time="0.168" /></testsuite></testsuites>