<?xml version="1.0" encoding="utf-8"?><testsuites name="pytest tests"><testsuite name="pytest" errors="0" failures="0" skipped="0" tests="13" time="2.115" timestamp="2026-05-08T10:43:25.074941+00:00" hostname="agent-env-1494adb4-9ac7-4c55-8aae-9641c484f2f7"><testcase classname="backend.tests.test_optimize.TestSupplierProductFields" name="test_create_product_with_new_fields_autopopulates_phone" time="0.447" /><testcase classname="backend.tests.test_optimize.TestSupplierProductFields" name="test_marketplace_returns_new_fields" time="0.523" /><testcase classname="backend.tests.test_optimize.TestOptimizeAuth" name="test_supplier_token_forbidden" time="0.050" /><testcase classname="backend.tests.test_optimize.TestOptimizeAuth" name="test_no_token_unauthorized" time="0.053" /><testcase classname="backend.tests.test_optimize.TestOptimizeShape" name="test_response_shape" time="0.056" /><testcase classname="backend.tests.test_optimize.TestOptimizeUnavailable" name="test_unknown_item_in_unavailable" time="0.051" /><testcase classname="backend.tests.test_optimize.TestOptimizeSubstringMatch" name="test_substring_query_to_longer_name" time="0.056" /><testcase classname="backend.tests.test_optimize.TestOptimizeSubstringMatch" name="test_longer_query_to_substring" time="0.054" /><testcase classname="backend.tests.test_optimize.TestOptimizePerItem" name="test_per_item_picks_cheapest_ignoring_qty" time="0.052" /><testcase classname="backend.tests.test_optimize.TestOptimizeSingleSupplier" name="test_only_suppliers_with_all_items" time="0.060" /><testcase classname="backend.tests.test_optimize.TestOptimizeSmartSplit" name="test_split_across_suppliers_when_qty_insufficient" time="0.061" /><testcase classname="backend.tests.test_optimize.TestOptimizeSmartSplit" name="test_qty_zero_treated_as_unlimited" time="0.084" /><testcase classname="backend.tests.test_optimize.TestOptimizeSummary" name="test_max_savings_is_max_minus_min" time="0.322" /></testsuite></testsuites>