<?xml version="1.0" encoding="utf-8"?><testsuites name="pytest tests"><testsuite name="pytest" errors="0" failures="0" skipped="0" tests="16" time="11.262" timestamp="2026-06-22T10:06:54.566251+00:00" hostname="agent-env-1494adb4-9ac7-4c55-8aae-9641c484f2f7"><testcase classname="backend.tests.test_pharmacy_receipt_enforcement.TestRejectReceiptEndpoint" name="test_404_when_order_missing" time="0.845" /><testcase classname="backend.tests.test_pharmacy_receipt_enforcement.TestRejectReceiptEndpoint" name="test_403_when_not_owner" time="0.301" /><testcase classname="backend.tests.test_pharmacy_receipt_enforcement.TestRejectReceiptEndpoint" name="test_400_wrong_status" time="0.315" /><testcase classname="backend.tests.test_pharmacy_receipt_enforcement.TestRejectReceiptEndpoint" name="test_role_required" time="0.104" /><testcase classname="backend.tests.test_pharmacy_receipt_enforcement.TestRejectReceiptEndpoint" name="test_reject_success_delivered_to_not_received" time="0.512" /><testcase classname="backend.tests.test_pharmacy_receipt_enforcement.TestRejectReceiptEndpoint" name="test_reject_without_body" time="0.436" /><testcase classname="backend.tests.test_pharmacy_receipt_enforcement.TestCommitPendingEnforcement" name="test_zero_pending_allowed" time="0.172" /><testcase classname="backend.tests.test_pharmacy_receipt_enforcement.TestCommitPendingEnforcement" name="test_one_pending_still_allowed" time="0.481" /><testcase classname="backend.tests.test_pharmacy_receipt_enforcement.TestCommitPendingEnforcement" name="test_two_pending_blocks_with_409" time="0.818" /><testcase classname="backend.tests.test_pharmacy_receipt_enforcement.TestCommitPendingEnforcement" name="test_recovers_after_confirm_receipt" time="1.352" /><testcase classname="backend.tests.test_pharmacy_receipt_enforcement.TestCommitPendingEnforcement" name="test_recovers_after_reject_receipt" time="0.809" /><testcase classname="backend.tests.test_pharmacy_receipt_enforcement.TestNotReceivedTerminal" name="test_supplier_endpoints_400_on_not_received" time="0.700" /><testcase classname="backend.tests.test_pharmacy_receipt_enforcement.TestNotReceivedTerminal" name="test_confirm_receipt_400_on_not_received" time="0.605" /><testcase classname="backend.tests.test_pharmacy_receipt_enforcement.TestNotReceivedTerminal" name="test_auto_complete_does_not_touch_not_received" time="0.526" /><testcase classname="backend.tests.test_pharmacy_receipt_enforcement.TestConfirmReceiptRegression" name="test_confirm_credits_commission_and_savings_once" time="0.549" /><testcase classname="backend.tests.test_pharmacy_receipt_enforcement.TestRegressionRoles" name="test_pharmacy_role_required_on_reject" time="0.133" /></testsuite></testsuites>