<?xml version="1.0" encoding="utf-8"?><testsuites name="pytest tests"><testsuite name="pytest" errors="0" failures="3" skipped="0" tests="126" time="107.099" timestamp="2026-07-24T13:52:11.507867+00:00" hostname="agent-env-1494adb4-9ac7-4c55-8aae-9641c484f2f7"><testcase classname="tests.test_fifo_inventory.TestFIFOFullFlow" name="test_A_buy_v2_creates_medicine_and_batch" time="0.332" /><testcase classname="tests.test_fifo_inventory.TestFIFOFullFlow" name="test_B_buy_more_at_150" time="0.104" /><testcase classname="tests.test_fifo_inventory.TestFIFOFullFlow" name="test_C_buy_more_at_180" time="0.112" /><testcase classname="tests.test_fifo_inventory.TestFIFOFullFlow" name="test_D_batches_endpoint_shows_three_batches" time="0.103" /><testcase classname="tests.test_fifo_inventory.TestFIFOFullFlow" name="test_E_sell_15_units_fifo" time="0.111" /><testcase classname="tests.test_fifo_inventory.TestFIFOFullFlow" name="test_F_sell_25_units_fifo" time="0.106" /><testcase classname="tests.test_fifo_inventory.TestFIFOFullFlow" name="test_G_batches_after_sales" time="0.110" /><testcase classname="tests.test_fifo_inventory.TestFIFOFullFlow" name="test_H_insufficient_stock_error" time="0.142" /><testcase classname="tests.test_fifo_inventory.TestFIFOFullFlow" name="test_I_profit_report_day" time="0.106" /><testcase classname="tests.test_fifo_inventory.TestBatchesRestoreDirect" name="test_restore_after_partial_sell" time="0.420" /><testcase classname="tests.test_returns_flow.TestReturnsSetup" name="test_00_supplier_id_from_login" time="0.103" /><testcase classname="tests.test_returns_flow.TestReturnsSetup" name="test_01_seed_two_medicines_with_batches" time="0.479" /><testcase classname="tests.test_returns_flow.TestReturnsSetup" name="test_02_partially_consume_med_a" time="0.218" /><testcase classname="tests.test_returns_flow.TestSupplierOrderChain" name="test_10_commit_supplier_order" time="0.099" /><testcase classname="tests.test_returns_flow.TestSupplierOrderChain" name="test_11_supplier_accept_process_deliver" time="0.491" /><testcase classname="tests.test_returns_flow.TestSupplierOrderChain" name="test_12_pharmacy_confirm_receipt_completes_order" time="0.119" /><testcase classname="tests.test_returns_flow.TestSupplierOrderChain" name="test_13_supplier_debit_reflects_completed_order" time="0.151" /><testcase classname="tests.test_returns_flow.TestReturnsHappyPath" name="test_20_create_return_valid" time="0.117" /><testcase classname="tests.test_returns_flow.TestReturnsHappyPath" name="test_21_return_over_quantity_rejected" time="0.112" /><testcase classname="tests.test_returns_flow.TestReturnsHappyPath" name="test_22_supplier_approves_return" time="0.114" /><testcase classname="tests.test_returns_flow.TestReturnsHappyPath" name="test_23_pharmacy_marks_shipped" time="0.118" /><testcase classname="tests.test_returns_flow.TestReturnsHappyPath" name="test_24_supplier_confirms_receipt_deducts_stock_and_credits" time="0.143" /><testcase classname="tests.test_returns_flow.TestReturnsHappyPath" name="test_25_batches_lifo_deduct_med_a" time="0.105" /><testcase classname="tests.test_returns_flow.TestReturnsHappyPath" name="test_26_batches_lifo_deduct_med_b" time="0.099" /><testcase classname="tests.test_returns_flow.TestReturnsHappyPath" name="test_27_supplier_ledger_entry_created" time="0.129" /><testcase classname="tests.test_returns_flow.TestReturnsHappyPath" name="test_28_idempotency_confirm_receipt" time="0.109" /><testcase classname="tests.test_returns_flow.TestReturnsHappyPath" name="test_29_direct_apply_return_credit_is_idempotent" time="0.108" /><testcase classname="tests.test_returns_flow.TestReturnsRejectionPath" name="test_30_create_second_return" time="0.124" /><testcase classname="tests.test_returns_flow.TestReturnsRejectionPath" name="test_31_supplier_rejects" time="0.108" /><testcase classname="tests.test_returns_flow.TestReturnsRejectionPath" name="test_32_no_ledger_entry_for_rejected" time="0.117" /><testcase classname="tests.test_returns_flow.TestReturnsRejectionPath" name="test_33_no_stock_change_after_rejection" time="0.122" /><testcase classname="tests.test_returns_flow.TestReturnsGuards" name="test_40_return_from_pending_order_rejected" time="0.221" /><testcase classname="tests.test_returns_flow.TestReturnsGuards" name="test_41_unauthenticated_returns_endpoint" time="0.096" /><testcase classname="tests.test_returns_flow.TestReturnsGuards" name="test_42_pharmacy_cannot_approve" time="0.106" /><testcase classname="tests.test_returns_flow.TestReturnsProfitReport" name="test_50_profit_report_unaffected_by_returns" time="0.104" /><testcase classname="tests.test_returns_exploratory.TestExploratorySetup" name="test_00_seed" time="0.388" /><testcase classname="tests.test_returns_exploratory.TestExploratorySetup" name="test_01_place_and_complete_supplier_order" time="0.775" /><testcase classname="tests.test_returns_exploratory.TestMixedTrackedAndCustom" name="test_10_create_return_with_custom_line" time="0.110" /><testcase classname="tests.test_returns_exploratory.TestMixedTrackedAndCustom" name="test_11_full_workflow_completes" time="0.330" /><testcase classname="tests.test_returns_exploratory.TestMixedTrackedAndCustom" name="test_12_only_tracked_stock_deducted" time="0.128" /><testcase classname="tests.test_returns_exploratory.TestTwoSequentialReturns" name="test_20_return_med_b_first" time="0.464" /><testcase classname="tests.test_returns_exploratory.TestTwoSequentialReturns" name="test_21_return_med_a_second" time="0.463" /><testcase classname="tests.test_returns_exploratory.TestTwoSequentialReturns" name="test_22_ledger_has_distinct_entries" time="0.110" /><testcase classname="tests.test_returns_exploratory.TestAggregateGuardWhilePending" name="test_30_place_and_complete_new_order" time="0.544" /><testcase classname="tests.test_returns_exploratory.TestAggregateGuardWhilePending" name="test_31_first_return_pending" time="0.112" /><testcase classname="tests.test_returns_exploratory.TestAggregateGuardWhilePending" name="test_32_second_return_exceeds_remaining_returnable" time="0.102" /><testcase classname="tests.test_returns_exploratory.TestAggregateGuardWhilePending" name="test_33_second_return_at_exact_remaining_ok" time="0.108" /><testcase classname="tests.test_returns_exploratory.TestConfirmOnRejected" name="test_40_create_and_reject" time="0.228" /><testcase classname="tests.test_returns_exploratory.TestConfirmOnRejected" name="test_41_confirm_on_rejected_400" time="0.099" /><testcase classname="tests.test_returns_exploratory.TestGetReturnAuthMatrix" name="test_50_owner_pharmacy_can_read" time="0.097" /><testcase classname="tests.test_returns_exploratory.TestGetReturnAuthMatrix" name="test_51_owner_supplier_can_read" time="0.115" /><testcase classname="tests.test_returns_exploratory.TestGetReturnAuthMatrix" name="test_52_foreign_pharmacy_gets_403" time="0.109" /><testcase classname="tests.test_returns_exploratory.TestGetReturnAuthMatrix" name="test_53_supplier_cannot_read_other_supplier_returns" time="0.119" /><testcase classname="tests.test_push_notifications" name="test_A_admin_send_role_pharmacy" time="0.645" /><testcase classname="tests.test_push_notifications" name="test_B_pharmacy_sees_notification" time="0.097" /><testcase classname="tests.test_push_notifications" name="test_C_backend_log_shows_401" time="1.007" /><testcase classname="tests.test_push_notifications" name="test_D_register_push_returns_2xx" time="0.111" /><testcase classname="tests.test_push_notifications" name="test_D2_register_push_rejects_mismatched_user" time="0.152" /><testcase classname="tests.test_push_notifications" name="test_D3_register_push_missing_token_400" time="0.103" /><testcase classname="tests.test_push_notifications" name="test_E_two_sends_two_batches" time="0.571" /><testcase classname="tests.test_push_notifications" name="test_F_history_top_is_recent" time="0.097" /><testcase classname="tests.test_push_notifications" name="test_G_audience_summary" time="0.115" /><testcase classname="tests.test_push_notifications" name="test_H_send_push_invocations_align_with_recipients" time="1.929"><failure message="AssertionError: No new 401 lines observed after send (delivered=22). before=820 after=820&#10;assert 0 &gt;= 1">tests/test_push_notifications.py:258: in test_H_send_push_invocations_align_with_recipients
    assert new_401 &gt;= 1, (
E   AssertionError: No new 401 lines observed after send (delivered=22). before=820 after=820
E   assert 0 &gt;= 1</failure></testcase><testcase classname="tests.test_push_notifications" name="test_J_preferences_skip_disabled_user" time="0.833" /><testcase classname="tests.test_accounting_unlock.TestPharmacyVerifyPassword" name="test_correct_password_returns_ok" time="0.191" /><testcase classname="tests.test_accounting_unlock.TestPharmacyVerifyPassword" name="test_wrong_password_returns_401_arabic" time="0.044" /><testcase classname="tests.test_accounting_unlock.TestPharmacyVerifyPassword" name="test_empty_password_returns_401_arabic" time="0.046" /><testcase classname="tests.test_accounting_unlock.TestPharmacyVerifyPassword" name="test_no_auth_header_returns_401" time="0.043" /><testcase classname="tests.test_accounting_unlock.TestPharmacyVerifyPassword" name="test_invalid_body_returns_422" time="0.043" /><testcase classname="tests.test_accounting_unlock.TestSupplierVerifyPassword" name="test_correct_password_returns_ok" time="0.100" /><testcase classname="tests.test_accounting_unlock.TestSupplierVerifyPassword" name="test_pharmacy_password_rejected" time="0.061" /><testcase classname="tests.test_accounting_unlock.TestAdminVerifyPassword" name="test_correct_password_returns_ok" time="0.093" /><testcase classname="tests.test_accounting_unlock.TestPasswordRotationAffectsUnlockCode" name="test_rotate_and_verify" time="0.142" /><testcase classname="tests.test_me_password.TestMePasswordErrors" name="test_unauthenticated_is_401" time="0.116" /><testcase classname="tests.test_me_password.TestMePasswordErrors" name="test_wrong_current_password_is_401_arabic" time="0.213" /><testcase classname="tests.test_me_password.TestMePasswordErrors" name="test_short_new_password_is_400_arabic" time="0.200" /><testcase classname="tests.test_me_password.TestMePasswordErrors" name="test_new_equals_current_is_400_arabic" time="37.434" /><testcase classname="tests.test_me_password.TestMePasswordHappyFlow" name="test_rotate_and_verify_couples_with_accounting_unlock" time="30.896" /><testcase classname="tests.test_me_password.TestMePasswordHappyFlow" name="test_rapid_three_rotations" time="1.480" /><testcase classname="tests.test_me_password.TestMePasswordSupplier" name="test_supplier_can_rotate_and_verify" time="0.722" /><testcase classname="tests.test_pharmacy_order_detail.TestPharmacyOrderDetailHappy" name="test_get_own_order_returns_200" time="0.329" /><testcase classname="tests.test_pharmacy_order_detail.TestPharmacyOrderDetailNotFound" name="test_bogus_id_returns_404_arabic" time="0.103" /><testcase classname="tests.test_pharmacy_order_detail.TestPharmacyOrderDetailRoleGuard" name="test_supplier_role_gets_403" time="2.468" /><testcase classname="tests.test_pharmacy_order_detail.TestPharmacyOrderDetailRoleGuard" name="test_missing_auth_gets_401_or_403" time="0.109" /><testcase classname="tests.test_pharmacy_order_detail.TestReturnsMiniFlow" name="test_create_return_and_verify_persistence" time="0.716" /><testcase classname="tests.test_auth_terminology_sanity" name="test_register_pharmacy_role_unchanged" time="0.145" /><testcase classname="tests.test_auth_terminology_sanity" name="test_register_supplier_role_unchanged" time="0.098" /><testcase classname="tests.test_pharmacy_savings.TestSavingsEndpointAuth" name="test_unauthenticated_returns_401_or_403" time="0.104" /><testcase classname="tests.test_pharmacy_savings.TestSavingsEndpointAuth" name="test_supplier_role_forbidden" time="0.091" /><testcase classname="tests.test_pharmacy_savings.TestSavingsEndpointAuth" name="test_pharmacy_response_shape" time="0.095" /><testcase classname="tests.test_pharmacy_savings.TestCommitWithSavings" name="test_commit_stores_savings_per_order" time="0.049" /><testcase classname="tests.test_pharmacy_savings.TestCommitWithSavings" name="test_commit_distributes_savings_proportional_when_per_group_missing" time="0.047" /><testcase classname="tests.test_pharmacy_savings.TestCommitWithSavings" name="test_commit_without_savings_backward_compat" time="0.049" /><testcase classname="tests.test_pharmacy_savings.TestCommitWithSavings" name="test_commit_idempotency_same_commit_id" time="0.098" /><testcase classname="tests.test_pharmacy_savings.TestManualCompletionCreditsSavings" name="test_manual_completion_credits_once" time="0.460" /><testcase classname="tests.test_pharmacy_savings.TestManualCompletionCreditsSavings" name="test_completion_without_savings_no_increment" time="0.374" /><testcase classname="tests.test_pharmacy_savings.TestAutoCompletionCreditsSavings" name="test_auto_complete_credits_once" time="0.489" /><testcase classname="tests.test_pharmacy_savings.TestLifecycleRoleAndRegression" name="test_pharmacy_cannot_accept_order" time="0.147" /><testcase classname="tests.test_pharmacy_savings.TestLifecycleRoleAndRegression" name="test_supplier_cannot_confirm_receipt" time="0.354" /><testcase classname="tests.test_pharmacy_savings.TestLifecycleRoleAndRegression" name="test_pending_order_redacts_pharmacy_info" time="0.149" /><testcase classname="tests.test_notifications_system.TestNotificationCenter" name="test_list_notifications_paginated" time="0.222" /><testcase classname="tests.test_notifications_system.TestNotificationCenter" name="test_unread_count" time="0.109" /><testcase classname="tests.test_notifications_system.TestNotificationCenter" name="test_mark_read_nonexistent_404" time="0.106" /><testcase classname="tests.test_notifications_system.TestNotificationCenter" name="test_delete_nonexistent_404" time="0.104" /><testcase classname="tests.test_notifications_system.TestNotificationCenter" name="test_mark_all_read" time="0.218" /><testcase classname="tests.test_notifications_system.TestPreferences" name="test_get_default" time="0.218" /><testcase classname="tests.test_notifications_system.TestPreferences" name="test_put_partial_no_500" time="0.232" /><testcase classname="tests.test_notifications_system.TestPassword" name="test_wrong_current_400_arabic" time="0.106"><failure message="assert 401 == 400&#10; +  where 401 = &lt;Response [401]&gt;.status_code">tests/test_notifications_system.py:142: in test_wrong_current_400_arabic
    assert r.status_code == 400
E   assert 401 == 400
E    +  where 401 = &lt;Response [401]&gt;.status_code</failure></testcase><testcase classname="tests.test_notifications_system.TestPassword" name="test_change_and_reset" time="0.446"><failure message="AssertionError: no password change notification found: ['تم تسليم طلبيتك', 'قيد التجهيز', 'تم قبول طلبيتك', 'تم تسليم طلبيتك', 'قيد التجهيز']&#10;assert False&#10; +  where False = any(&lt;generator object TestPassword.test_change_and_reset.&lt;locals&gt;.&lt;genexpr&gt; at 0xfb0d4a86a5a0&gt;)">tests/test_notifications_system.py:160: in test_change_and_reset
    assert any("كلمة السر" in t for t in titles), f"no password change notification found: {titles}"
E   AssertionError: no password change notification found: ['تم تسليم طلبيتك', 'قيد التجهيز', 'تم قبول طلبيتك', 'تم تسليم طلبيتك', 'قيد التجهيز']
E   assert False
E    +  where False = any(&lt;generator object TestPassword.test_change_and_reset.&lt;locals&gt;.&lt;genexpr&gt; at 0xfb0d4a86a5a0&gt;)</failure></testcase><testcase classname="tests.test_notifications_system.TestProfile" name="test_get_profile_no_password" time="0.094" /><testcase classname="tests.test_notifications_system.TestProfile" name="test_patch_profile" time="0.235" /><testcase classname="tests.test_notifications_system.TestAdminPanel" name="test_pharmacy_cannot_send" time="0.101" /><testcase classname="tests.test_notifications_system.TestAdminPanel" name="test_audience_summary" time="0.232" /><testcase classname="tests.test_notifications_system.TestAdminPanel" name="test_send_to_all" time="0.903" /><testcase classname="tests.test_notifications_system.TestAdminPanel" name="test_send_to_role_pharmacy" time="0.420" /><testcase classname="tests.test_notifications_system.TestAdminPanel" name="test_schedule_and_run" time="7.325" /><testcase classname="tests.test_notifications_system.TestAdminPanel" name="test_schedule_and_cancel" time="0.314" /><testcase classname="tests.test_notifications_system.TestAdminPanel" name="test_cancel_sent_batch_400" time="0.224" /><testcase classname="tests.test_notifications_system.TestAdminPanel" name="test_history_sorted" time="0.108" /><testcase classname="tests.test_notifications_system.TestRegisterPush" name="test_placeholder_returns_queued" time="0.211" /><testcase classname="tests.test_notifications_system.TestRegisterPush" name="test_wrong_user_id_403" time="0.095" /><testcase classname="tests.test_notifications_system.TestIsolation" name="test_supplier_cannot_read_pharmacy_notification" time="0.430" /><testcase classname="tests.test_notifications_system.TestExpiredList" name="test_pharmacy_ok" time="0.118" /><testcase classname="tests.test_notifications_system.TestExpiredList" name="test_supplier_403" time="0.113" /><testcase classname="tests.test_notifications_system.TestSchedulerManual" name="test_daily_expiry_scan_and_dedupe" time="0.353" /><testcase classname="tests.test_notifications_system.TestSchedulerManual" name="test_weekly_expired_report" time="0.011" /></testsuite></testsuites>