<?xml version="1.0" encoding="utf-8"?><testsuites name="pytest tests"><testsuite name="pytest" errors="0" failures="0" skipped="0" tests="16" time="2.539" timestamp="2026-07-26T12:14:58.648829+00:00" hostname="agent-env-1494adb4-9ac7-4c55-8aae-9641c484f2f7"><testcase classname="tests.test_excel_import.TestA_SmartColumnMapping" name="test_arabic_english_mixed_headers" time="0.210" /><testcase classname="tests.test_excel_import.TestBC_CommitAndUpdate" name="test_b_commit_creates_new_meds_and_batches" time="0.103" /><testcase classname="tests.test_excel_import.TestBC_CommitAndUpdate" name="test_c_second_commit_updates_and_adds_new_batch" time="0.095" /><testcase classname="tests.test_excel_import.TestD_UnknownHeaders" name="test_bad_headers_400" time="0.044" /><testcase classname="tests.test_excel_import.TestE_XLSX" name="test_xlsx_preview_and_commit" time="0.171" /><testcase classname="tests.test_excel_import.TestF_AlternativeHeaders" name="test_alt_arabic_headers" time="0.046" /><testcase classname="tests.test_excel_import.TestG_DateFormats" name="test_multiple_date_formats" time="0.047" /><testcase classname="tests.test_excel_import.TestH_PerRowErrors" name="test_missing_name_and_zero_quantity_reported" time="0.049" /><testcase classname="tests.test_excel_import.TestI_LargeFile" name="test_500_rows_preview_and_commit" time="1.344" /><testcase classname="tests.test_excel_import.TestJ_AuthGuards" name="test_preview_unauth_401" time="0.049" /><testcase classname="tests.test_excel_import.TestJ_AuthGuards" name="test_preview_supplier_403" time="0.092" /><testcase classname="tests.test_excel_import.TestJ_AuthGuards" name="test_commit_unauth_401" time="0.044" /><testcase classname="tests.test_excel_import.TestJ_AuthGuards" name="test_commit_supplier_403" time="0.046" /><testcase classname="tests.test_excel_import.TestK_BadInput" name="test_empty_b64_400" time="0.043" /><testcase classname="tests.test_excel_import.TestK_BadInput" name="test_short_b64_400" time="0.046" /><testcase classname="tests.test_excel_import.TestK_BadInput" name="test_bad_base64_400" time="0.048" /></testsuite></testsuites>