<?xml version="1.0" encoding="utf-8"?><testsuites name="pytest tests"><testsuite name="pytest" errors="0" failures="0" skipped="0" tests="29" time="19.897" timestamp="2026-04-28T10:56:39.815623+00:00" hostname="agent-env-1494adb4-9ac7-4c55-8aae-9641c484f2f7"><testcase classname="backend.tests.test_pharmacy_api.TestAuth" name="test_pharmacy_login_seeded" time="0.566" /><testcase classname="backend.tests.test_pharmacy_api.TestAuth" name="test_pharmacy_login_wrong_pw" time="0.066" /><testcase classname="backend.tests.test_pharmacy_api.TestAuth" name="test_pharmacy_register_duplicate" time="0.064" /><testcase classname="backend.tests.test_pharmacy_api.TestAuth" name="test_pharmacy_register_new" time="0.081" /><testcase classname="backend.tests.test_pharmacy_api.TestAuth" name="test_supplier_register_login" time="0.104" /><testcase classname="backend.tests.test_pharmacy_api.TestAuth" name="test_me_pharmacy" time="0.113" /><testcase classname="backend.tests.test_pharmacy_api.TestAuth" name="test_me_supplier" time="0.062" /><testcase classname="backend.tests.test_pharmacy_api.TestAuth" name="test_me_no_token" time="0.061" /><testcase classname="backend.tests.test_pharmacy_api.TestMedicines" name="test_create_medicine" time="0.094" /><testcase classname="backend.tests.test_pharmacy_api.TestMedicines" name="test_list_medicines_includes_created" time="0.056" /><testcase classname="backend.tests.test_pharmacy_api.TestMedicines" name="test_barcode_lookup" time="0.057" /><testcase classname="backend.tests.test_pharmacy_api.TestMedicines" name="test_barcode_not_found" time="0.060" /><testcase classname="backend.tests.test_pharmacy_api.TestMedicines" name="test_update_medicine" time="0.067" /><testcase classname="backend.tests.test_pharmacy_api.TestMedicines" name="test_buy_existing_increments_qty" time="0.072" /><testcase classname="backend.tests.test_pharmacy_api.TestMedicines" name="test_buy_new_creates" time="0.062" /><testcase classname="backend.tests.test_pharmacy_api.TestMedicines" name="test_sell_deducts_qty" time="0.159" /><testcase classname="backend.tests.test_pharmacy_api.TestMedicines" name="test_sell_insufficient" time="0.059" /><testcase classname="backend.tests.test_pharmacy_api.TestMedicines" name="test_delete_medicine" time="0.170" /><testcase classname="backend.tests.test_pharmacy_api.TestOrders" name="test_create_and_list_order" time="0.154" /><testcase classname="backend.tests.test_pharmacy_api.TestSupplierProducts" name="test_supplier_create_product" time="0.103" /><testcase classname="backend.tests.test_pharmacy_api.TestSupplierProducts" name="test_supplier_list_own" time="0.060" /><testcase classname="backend.tests.test_pharmacy_api.TestSupplierProducts" name="test_marketplace_visible_to_pharmacy" time="0.055" /><testcase classname="backend.tests.test_pharmacy_api.TestSupplierProducts" name="test_marketplace_visible_to_supplier" time="0.059" /><testcase classname="backend.tests.test_pharmacy_api.TestSupplierProducts" name="test_supplier_delete_product" time="0.056" /><testcase classname="backend.tests.test_pharmacy_api.TestRoleEnforcement" name="test_supplier_cannot_list_medicines" time="0.057" /><testcase classname="backend.tests.test_pharmacy_api.TestRoleEnforcement" name="test_supplier_cannot_create_order" time="0.055" /><testcase classname="backend.tests.test_pharmacy_api.TestRoleEnforcement" name="test_pharmacy_cannot_add_supplier_product" time="0.052" /><testcase classname="backend.tests.test_pharmacy_api.TestRoleEnforcement" name="test_pharmacy_cannot_list_supplier_products" time="0.050" /><testcase classname="backend.tests.test_pharmacy_api.TestIdentify" name="test_identify_returns_response" time="15.997" /></testsuite></testsuites>