<?xml version="1.0" encoding="utf-8"?><testsuites name="pytest tests"><testsuite name="pytest" errors="0" failures="0" skipped="0" tests="7" time="3.226" timestamp="2026-07-24T08:26:09.303460+00:00" hostname="agent-env-1494adb4-9ac7-4c55-8aae-9641c484f2f7"><testcase classname="backend.tests.test_me_password.TestMePasswordErrors" name="test_unauthenticated_is_401" time="0.119" /><testcase classname="backend.tests.test_me_password.TestMePasswordErrors" name="test_wrong_current_password_is_401_arabic" time="0.193" /><testcase classname="backend.tests.test_me_password.TestMePasswordErrors" name="test_short_new_password_is_400_arabic" time="0.091" /><testcase classname="backend.tests.test_me_password.TestMePasswordErrors" name="test_new_equals_current_is_400_arabic" time="0.094" /><testcase classname="backend.tests.test_me_password.TestMePasswordHappyFlow" name="test_rotate_and_verify_couples_with_accounting_unlock" time="0.679" /><testcase classname="backend.tests.test_me_password.TestMePasswordHappyFlow" name="test_rapid_three_rotations" time="1.210" /><testcase classname="backend.tests.test_me_password.TestMePasswordSupplier" name="test_supplier_can_rotate_and_verify" time="0.780" /></testsuite></testsuites>