<?xml version="1.0" encoding="utf-8"?><testsuites name="pytest tests"><testsuite name="pytest" errors="0" failures="0" skipped="0" tests="9" time="1.159" timestamp="2026-07-24T08:14:08.763953+00:00" hostname="agent-env-1494adb4-9ac7-4c55-8aae-9641c484f2f7"><testcase classname="backend.tests.test_accounting_unlock.TestPharmacyVerifyPassword" name="test_correct_password_returns_ok" time="0.305" /><testcase classname="backend.tests.test_accounting_unlock.TestPharmacyVerifyPassword" name="test_wrong_password_returns_401_arabic" time="0.043" /><testcase classname="backend.tests.test_accounting_unlock.TestPharmacyVerifyPassword" name="test_empty_password_returns_401_arabic" time="0.041" /><testcase classname="backend.tests.test_accounting_unlock.TestPharmacyVerifyPassword" name="test_no_auth_header_returns_401" time="0.041" /><testcase classname="backend.tests.test_accounting_unlock.TestPharmacyVerifyPassword" name="test_invalid_body_returns_422" time="0.045" /><testcase classname="backend.tests.test_accounting_unlock.TestSupplierVerifyPassword" name="test_correct_password_returns_ok" time="0.087" /><testcase classname="backend.tests.test_accounting_unlock.TestSupplierVerifyPassword" name="test_pharmacy_password_rejected" time="0.082" /><testcase classname="backend.tests.test_accounting_unlock.TestAdminVerifyPassword" name="test_correct_password_returns_ok" time="0.085" /><testcase classname="backend.tests.test_accounting_unlock.TestPasswordRotationAffectsUnlockCode" name="test_rotate_and_verify" time="0.173" /></testsuite></testsuites>