<?xml version="1.0" encoding="utf-8"?><testsuites name="pytest tests"><testsuite name="pytest" errors="0" failures="1" skipped="0" tests="100" time="96.326" timestamp="2026-05-09T14:59:28.996266+00:00" hostname="agent-env-1494adb4-9ac7-4c55-8aae-9641c484f2f7"><testcase classname="tests.test_admin.TestAdminLogin" name="test_admin_login_success" time="0.185" /><testcase classname="tests.test_admin.TestAdminLogin" name="test_admin_login_wrong_password_writes_audit" time="0.476" /><testcase classname="tests.test_admin.TestAdminLogin" name="test_admin_login_unknown_phone" time="0.139" /><testcase classname="tests.test_admin.TestRBAC" name="test_no_token_401" time="0.137" /><testcase classname="tests.test_admin.TestRBAC" name="test_pharmacy_token_403" time="0.307" /><testcase classname="tests.test_admin.TestRBAC" name="test_supplier_token_403" time="0.288" /><testcase classname="tests.test_admin.TestRBAC" name="test_admin_token_200" time="0.298" /><testcase classname="tests.test_admin.TestAdminChangePassword" name="test_validates_old_password" time="0.285" /><testcase classname="tests.test_admin.TestAdminChangePassword" name="test_validates_new_password_length" time="0.300" /><testcase classname="tests.test_admin.TestAdminChangePassword" name="test_change_password_flow_and_restore" time="1.007" /><testcase classname="tests.test_admin.TestAdminStats" name="test_stats_schema" time="0.295" /><testcase classname="tests.test_admin.TestAdminUsers" name="test_users_list_combined_with_role" time="2.503" /><testcase classname="tests.test_admin.TestAdminUsers" name="test_users_role_filter" time="1.447" /><testcase classname="tests.test_admin.TestAdminUsers" name="test_disable_pharmacy_blocks_login_then_enable" time="2.005" /><testcase classname="tests.test_admin.TestAdminUsers" name="test_disable_supplier_blocks_login" time="1.172" /><testcase classname="tests.test_admin.TestAdminUsers" name="test_patch_invalid_role" time="30.254"><failure message="requests.exceptions.ConnectTimeout: HTTPSConnectionPool(host='pharma-checkout-8.preview.emergentagent.com', port=443): Max retries exceeded with url: /api/admin/users/admin/some-id (Caused by ConnectTimeoutError(&lt;HTTPSConnection(host='pharma-checkout-8.preview.emergentagent.com', port=443) at 0x792c8c12d990&gt;, 'Connection to pharma-checkout-8.preview.emergentagent.com timed out. (connect timeout=15)'))">E   TimeoutError: timed out

The above exception was the direct cause of the following exception:
E   urllib3.exceptions.ConnectTimeoutError: (&lt;HTTPSConnection(host='pharma-checkout-8.preview.emergentagent.com', port=443) at 0x792c8c12d990&gt;, 'Connection to pharma-checkout-8.preview.emergentagent.com timed out. (connect timeout=15)')

The above exception was the direct cause of the following exception:
E   urllib3.exceptions.MaxRetryError: HTTPSConnectionPool(host='pharma-checkout-8.preview.emergentagent.com', port=443): Max retries exceeded with url: /api/admin/users/admin/some-id (Caused by ConnectTimeoutError(&lt;HTTPSConnection(host='pharma-checkout-8.preview.emergentagent.com', port=443) at 0x792c8c12d990&gt;, 'Connection to pharma-checkout-8.preview.emergentagent.com timed out. (connect timeout=15)'))

During handling of the above exception, another exception occurred:
E   requests.exceptions.ConnectTimeout: HTTPSConnectionPool(host='pharma-checkout-8.preview.emergentagent.com', port=443): Max retries exceeded with url: /api/admin/users/admin/some-id (Caused by ConnectTimeoutError(&lt;HTTPSConnection(host='pharma-checkout-8.preview.emergentagent.com', port=443) at 0x792c8c12d990&gt;, 'Connection to pharma-checkout-8.preview.emergentagent.com timed out. (connect timeout=15)'))</failure></testcase><testcase classname="tests.test_admin.TestAdminUsers" name="test_patch_missing_disabled" time="12.198" /><testcase classname="tests.test_admin.TestAdminUsers" name="test_delete_pharmacy_cascades_medicines" time="16.466" /><testcase classname="tests.test_admin.TestAdminUsers" name="test_delete_supplier_cascades_products" time="1.165" /><testcase classname="tests.test_admin.TestAdminOrders" name="test_orders_listing_enriched_and_status_update" time="1.280" /><testcase classname="tests.test_admin.TestAdminOrders" name="test_order_invalid_status" time="0.311" /><testcase classname="tests.test_admin.TestAdminOrders" name="test_order_not_found" time="0.296" /><testcase classname="tests.test_admin.TestAdminProducts" name="test_combined_with_kind_and_delete" time="2.240" /><testcase classname="tests.test_admin.TestAdminNotifications" name="test_create_list_delete_and_audience_routing" time="3.149" /><testcase classname="tests.test_admin.TestAdminNotifications" name="test_active_requires_auth" time="0.160" /><testcase classname="tests.test_admin.TestAuditLogs" name="test_action_filter" time="0.464" /><testcase classname="tests.test_admin.TestAuditLogs" name="test_no_filter" time="0.361" /><testcase classname="tests.test_admin.TestRegression" name="test_pharmacy_login" time="0.147" /><testcase classname="tests.test_admin.TestRegression" name="test_supplier_login" time="0.160" /><testcase classname="tests.test_catalog_import.TestAuthGuards" name="test_pharmacy_forbidden_on_upload" time="0.243" /><testcase classname="tests.test_catalog_import.TestAuthGuards" name="test_pharmacy_forbidden_on_jobs_list" time="0.064" /><testcase classname="tests.test_catalog_import.TestAuthGuards" name="test_pharmacy_forbidden_on_publish" time="0.058" /><testcase classname="tests.test_catalog_import.TestUploadValidation" name="test_empty_file_b64_returns_400" time="0.113" /><testcase classname="tests.test_catalog_import.TestUploadValidation" name="test_oversize_returns_413" time="0.930" /><testcase classname="tests.test_catalog_import.TestCatalogPipeline" name="test_full_pipeline" time="6.104" /><testcase classname="tests.test_catalog_import.TestCatalogPipeline" name="test_job_detail_excludes_file_b64" time="0.060" /><testcase classname="tests.test_catalog_import.TestPatchAndPublishDirect" name="test_patch_creates_correction_and_approves" time="0.140" /><testcase classname="tests.test_catalog_import.TestPatchAndPublishDirect" name="test_invalid_match_status_rejected" time="0.070" /><testcase classname="tests.test_catalog_import.TestPatchAndPublishDirect" name="test_patch_other_supplier_item_404" time="0.059" /><testcase classname="tests.test_catalog_import.TestPatchAndPublishDirect" name="test_publish_only_approved_items" time="0.073" /><testcase classname="tests.test_catalog_import.TestPatchAndPublishDirect" name="test_published_item_visible_in_marketplace" time="0.062" /><testcase classname="tests.test_catalog_import.TestPatchAndPublishDirect" name="test_published_item_visible_in_supplier_products" time="0.068" /><testcase classname="tests.test_catalog_import.TestPatchAndPublishDirect" name="test_publish_idempotent_updates_existing" time="0.075" /><testcase classname="tests.test_optimize.TestSupplierProductFields" name="test_create_product_with_new_fields_autopopulates_phone" time="0.286" /><testcase classname="tests.test_optimize.TestSupplierProductFields" name="test_marketplace_returns_new_fields" time="0.480" /><testcase classname="tests.test_optimize.TestOptimizeAuth" name="test_supplier_token_forbidden" time="0.051" /><testcase classname="tests.test_optimize.TestOptimizeAuth" name="test_no_token_unauthorized" time="0.050" /><testcase classname="tests.test_optimize.TestOptimizeShape" name="test_response_shape" time="0.064" /><testcase classname="tests.test_optimize.TestOptimizeUnavailable" name="test_unknown_item_in_unavailable" time="0.051" /><testcase classname="tests.test_optimize.TestOptimizeSubstringMatch" name="test_substring_query_to_longer_name" time="0.053" /><testcase classname="tests.test_optimize.TestOptimizeSubstringMatch" name="test_longer_query_to_substring" time="0.051" /><testcase classname="tests.test_optimize.TestOptimizePerItem" name="test_per_item_picks_cheapest_ignoring_qty" time="0.049" /><testcase classname="tests.test_optimize.TestOptimizeSingleSupplier" name="test_only_suppliers_with_all_items" time="0.063" /><testcase classname="tests.test_optimize.TestOptimizeSmartSplit" name="test_split_across_suppliers_when_qty_insufficient" time="0.052" /><testcase classname="tests.test_optimize.TestOptimizeSmartSplit" name="test_qty_zero_treated_as_unlimited" time="0.052" /><testcase classname="tests.test_optimize.TestOptimizeSummary" name="test_max_savings_is_max_minus_min" time="0.320" /><testcase classname="tests.test_password_reset.TestForgotPassword" name="test_invalid_role_400" time="0.143" /><testcase classname="tests.test_password_reset.TestForgotPassword" name="test_unknown_phone_returns_ok_no_leak" time="0.055" /><testcase classname="tests.test_password_reset.TestForgotPassword" name="test_dev_mode_returns_dev_otp_for_pharmacy" time="0.121" /><testcase classname="tests.test_password_reset.TestForgotPassword" name="test_rate_limit_4th_returns_429" time="0.300" /><testcase classname="tests.test_password_reset.TestVerifyOtp" name="test_non_numeric_otp_400" time="0.066" /><testcase classname="tests.test_password_reset.TestVerifyOtp" name="test_short_otp_400" time="0.052" /><testcase classname="tests.test_password_reset.TestVerifyOtp" name="test_invalid_role_400" time="0.055" /><testcase classname="tests.test_password_reset.TestVerifyOtp" name="test_wrong_otp_then_correct_uses_attempts_then_invalidates" time="0.357" /><testcase classname="tests.test_password_reset.TestVerifyOtp" name="test_correct_otp_returns_reset_token_and_audit" time="0.202" /><testcase classname="tests.test_password_reset.TestResetPassword" name="test_short_password_400" time="0.227" /><testcase classname="tests.test_password_reset.TestResetPassword" name="test_invalid_token_401" time="0.054" /><testcase classname="tests.test_password_reset.TestResetPassword" name="test_pharmacy_full_flow_password_changes" time="0.430" /><testcase classname="tests.test_password_reset.TestResetPassword" name="test_supplier_full_flow_password_changes" time="0.396" /><testcase classname="tests.test_password_reset.TestRegression" name="test_seeded_pharmacy_login_still_works" time="0.057" /><testcase classname="tests.test_password_reset.TestRegression" name="test_seeded_supplier_login_still_works" time="0.067" /><testcase classname="tests.test_pharmacy_api.TestAuth" name="test_pharmacy_login_seeded" time="0.166" /><testcase classname="tests.test_pharmacy_api.TestAuth" name="test_pharmacy_login_wrong_pw" time="0.057" /><testcase classname="tests.test_pharmacy_api.TestAuth" name="test_pharmacy_register_duplicate" time="0.073" /><testcase classname="tests.test_pharmacy_api.TestAuth" name="test_pharmacy_register_new" time="0.059" /><testcase classname="tests.test_pharmacy_api.TestAuth" name="test_supplier_register_login" time="0.060" /><testcase classname="tests.test_pharmacy_api.TestAuth" name="test_me_pharmacy" time="0.119" /><testcase classname="tests.test_pharmacy_api.TestAuth" name="test_me_supplier" time="0.055" /><testcase classname="tests.test_pharmacy_api.TestAuth" name="test_me_no_token" time="0.047" /><testcase classname="tests.test_pharmacy_api.TestMedicines" name="test_create_medicine" time="0.054" /><testcase classname="tests.test_pharmacy_api.TestMedicines" name="test_list_medicines_includes_created" time="0.057" /><testcase classname="tests.test_pharmacy_api.TestMedicines" name="test_barcode_lookup" time="0.056" /><testcase classname="tests.test_pharmacy_api.TestMedicines" name="test_barcode_not_found" time="0.058" /><testcase classname="tests.test_pharmacy_api.TestMedicines" name="test_update_medicine" time="0.060" /><testcase classname="tests.test_pharmacy_api.TestMedicines" name="test_buy_existing_increments_qty" time="0.061" /><testcase classname="tests.test_pharmacy_api.TestMedicines" name="test_buy_new_creates" time="0.057" /><testcase classname="tests.test_pharmacy_api.TestMedicines" name="test_sell_deducts_qty" time="0.113" /><testcase classname="tests.test_pharmacy_api.TestMedicines" name="test_sell_insufficient" time="0.055" /><testcase classname="tests.test_pharmacy_api.TestMedicines" name="test_delete_medicine" time="0.176" /><testcase classname="tests.test_pharmacy_api.TestOrders" name="test_create_and_list_order" time="0.110" /><testcase classname="tests.test_pharmacy_api.TestSupplierProducts" name="test_supplier_create_product" time="0.063" /><testcase classname="tests.test_pharmacy_api.TestSupplierProducts" name="test_supplier_list_own" time="0.053" /><testcase classname="tests.test_pharmacy_api.TestSupplierProducts" name="test_marketplace_visible_to_pharmacy" time="0.054" /><testcase classname="tests.test_pharmacy_api.TestSupplierProducts" name="test_marketplace_visible_to_supplier" time="0.058" /><testcase classname="tests.test_pharmacy_api.TestSupplierProducts" name="test_supplier_delete_product" time="0.053" /><testcase classname="tests.test_pharmacy_api.TestRoleEnforcement" name="test_supplier_cannot_list_medicines" time="0.050" /><testcase classname="tests.test_pharmacy_api.TestRoleEnforcement" name="test_supplier_cannot_create_order" time="0.055" /><testcase classname="tests.test_pharmacy_api.TestRoleEnforcement" name="test_pharmacy_cannot_add_supplier_product" time="0.056" /><testcase classname="tests.test_pharmacy_api.TestRoleEnforcement" name="test_pharmacy_cannot_list_supplier_products" time="0.050" /><testcase classname="tests.test_pharmacy_api.TestIdentify" name="test_identify_returns_response" time="1.501" /></testsuite></testsuites>