<?xml version="1.0" encoding="utf-8"?><testsuites name="pytest tests"><testsuite name="pytest" errors="0" failures="0" skipped="0" tests="6" time="4.410" timestamp="2026-07-27T18:58:04.965095+00:00" hostname="agent-env-1494adb4-9ac7-4c55-8aae-9641c484f2f7"><testcase classname="backend.tests.test_paper_orders_ocr_fallback.TestInputGuards" name="test_invalid_base64_too_short_returns_400" time="0.540" /><testcase classname="backend.tests.test_paper_orders_ocr_fallback.TestInputGuards" name="test_tiny_image_returns_hint_not_error" time="0.158" /><testcase classname="backend.tests.test_paper_orders_ocr_fallback.TestInputGuards" name="test_oversized_image_returns_413" time="0.728" /><testcase classname="backend.tests.test_paper_orders_ocr_fallback.TestRealImageFlow" name="test_synthetic_invoice_returns_items_or_hint" time="1.216" /><testcase classname="backend.tests.test_paper_orders_ocr_fallback.TestBackendLogging" name="test_logs_show_ocr_activity" time="1.158" /><testcase classname="backend.tests.test_paper_orders_ocr_fallback.TestRegressionSmoke" name="test_commit_and_list_still_work" time="0.304" /></testsuite></testsuites>