<?xml version="1.0" encoding="utf-8"?><testsuites name="pytest tests"><testsuite name="pytest" errors="0" failures="0" skipped="0" tests="2" time="0.386" timestamp="2026-07-20T13:31:06.084915+00:00" hostname="agent-env-1494adb4-9ac7-4c55-8aae-9641c484f2f7"><testcase classname="backend.tests.test_auth_terminology_sanity" name="test_register_pharmacy_role_unchanged" time="0.228" /><testcase classname="backend.tests.test_auth_terminology_sanity" name="test_register_supplier_role_unchanged" time="0.097" /></testsuite></testsuites>