<?xml version="1.0" encoding="utf-8"?><testsuites name="pytest tests"><testsuite name="pytest" errors="0" failures="0" skipped="0" tests="5" time="2.354" timestamp="2026-07-12T14:11:02.344017+00:00" hostname="agent-env-1494adb4-9ac7-4c55-8aae-9641c484f2f7"><testcase classname="backend.tests.test_pharmacy_order_detail.TestPharmacyOrderDetailHappy" name="test_get_own_order_returns_200" time="0.487" /><testcase classname="backend.tests.test_pharmacy_order_detail.TestPharmacyOrderDetailNotFound" name="test_bogus_id_returns_404_arabic" time="0.142" /><testcase classname="backend.tests.test_pharmacy_order_detail.TestPharmacyOrderDetailRoleGuard" name="test_supplier_role_gets_403" time="0.339" /><testcase classname="backend.tests.test_pharmacy_order_detail.TestPharmacyOrderDetailRoleGuard" name="test_missing_auth_gets_401_or_403" time="0.156" /><testcase classname="backend.tests.test_pharmacy_order_detail.TestReturnsMiniFlow" name="test_create_return_and_verify_persistence" time="1.054" /></testsuite></testsuites>