<?xml version="1.0" encoding="utf-8"?><testsuites name="pytest tests"><testsuite name="pytest" errors="0" failures="0" skipped="0" tests="11" time="1.873" timestamp="2026-07-26T16:32:51.434640+00:00" hostname="agent-env-1494adb4-9ac7-4c55-8aae-9641c484f2f7"><testcase classname="backend.tests.test_supplier_fifo_paper_only.TestPaperOnlySupplierFIFO" name="test_01_create_paper_order_without_supplier_id_gets_local_sid" time="0.292" /><testcase classname="backend.tests.test_supplier_fifo_paper_only.TestPaperOnlySupplierFIFO" name="test_02_supplier_accounts_list_includes_paper_only" time="0.112" /><testcase classname="backend.tests.test_supplier_fifo_paper_only.TestPaperOnlySupplierFIFO" name="test_03_supplier_detail_returns_synthetic_supplier" time="0.100" /><testcase classname="backend.tests.test_supplier_fifo_paper_only.TestPaperOnlySupplierFIFO" name="test_04_unpaid_invoices_lists_paper_order_fifo" time="0.104" /><testcase classname="backend.tests.test_supplier_fifo_paper_only.TestPaperOnlySupplierFIFO" name="test_05_partial_fifo_payment_updates_paper_order" time="0.285" /><testcase classname="backend.tests.test_supplier_fifo_paper_only.TestPaperOnlySupplierFIFO" name="test_06_full_remaining_payment_settles_paper_order" time="0.258" /><testcase classname="backend.tests.test_supplier_fifo_paper_only.TestPaperOnlySupplierFIFO" name="test_07_overpay_rejected" time="0.114" /><testcase classname="backend.tests.test_supplier_fifo_paper_only.TestRegression" name="test_supplier_accounts_list_shape" time="0.111" /><testcase classname="backend.tests.test_supplier_fifo_paper_only.TestRegression" name="test_customers_still_works" time="0.101" /><testcase classname="backend.tests.test_supplier_fifo_paper_only.TestRegression" name="test_accounting_summary_still_works" time="0.105" /><testcase classname="backend.tests.test_supplier_fifo_paper_only.TestRegression" name="test_paper_order_individual_pay_still_works" time="0.202" /></testsuite></testsuites>