<?xml version="1.0" encoding="utf-8"?><testsuites name="pytest tests"><testsuite name="pytest" errors="0" failures="0" skipped="0" tests="11" time="9.953" timestamp="2026-07-07T16:13:40.343863+00:00" hostname="agent-env-1494adb4-9ac7-4c55-8aae-9641c484f2f7"><testcase classname="backend.tests.test_push_notifications" name="test_A_admin_send_role_pharmacy" time="1.697" /><testcase classname="backend.tests.test_push_notifications" name="test_B_pharmacy_sees_notification" time="0.250" /><testcase classname="backend.tests.test_push_notifications" name="test_C_backend_log_shows_401" time="1.149" /><testcase classname="backend.tests.test_push_notifications" name="test_D_register_push_returns_2xx" time="0.246" /><testcase classname="backend.tests.test_push_notifications" name="test_D2_register_push_rejects_mismatched_user" time="0.228" /><testcase classname="backend.tests.test_push_notifications" name="test_D3_register_push_missing_token_400" time="0.229" /><testcase classname="backend.tests.test_push_notifications" name="test_E_two_sends_two_batches" time="1.185" /><testcase classname="backend.tests.test_push_notifications" name="test_F_history_top_is_recent" time="0.217" /><testcase classname="backend.tests.test_push_notifications" name="test_G_audience_summary" time="0.298" /><testcase classname="backend.tests.test_push_notifications" name="test_H_send_push_invocations_align_with_recipients" time="2.276" /><testcase classname="backend.tests.test_push_notifications" name="test_J_preferences_skip_disabled_user" time="1.611" /></testsuite></testsuites>