<?xml version="1.0" encoding="utf-8"?><testsuites name="pytest tests"><testsuite name="pytest" errors="0" failures="0" skipped="0" tests="18" time="8.154" timestamp="2026-07-07T15:59:54.644009+00:00" hostname="agent-env-1494adb4-9ac7-4c55-8aae-9641c484f2f7"><testcase classname="backend.tests.test_returns_exploratory.TestExploratorySetup" name="test_00_seed" time="0.859" /><testcase classname="backend.tests.test_returns_exploratory.TestExploratorySetup" name="test_01_place_and_complete_supplier_order" time="1.411" /><testcase classname="backend.tests.test_returns_exploratory.TestMixedTrackedAndCustom" name="test_10_create_return_with_custom_line" time="0.186" /><testcase classname="backend.tests.test_returns_exploratory.TestMixedTrackedAndCustom" name="test_11_full_workflow_completes" time="0.545" /><testcase classname="backend.tests.test_returns_exploratory.TestMixedTrackedAndCustom" name="test_12_only_tracked_stock_deducted" time="0.182" /><testcase classname="backend.tests.test_returns_exploratory.TestTwoSequentialReturns" name="test_20_return_med_b_first" time="0.951" /><testcase classname="backend.tests.test_returns_exploratory.TestTwoSequentialReturns" name="test_21_return_med_a_second" time="0.816" /><testcase classname="backend.tests.test_returns_exploratory.TestTwoSequentialReturns" name="test_22_ledger_has_distinct_entries" time="0.192" /><testcase classname="backend.tests.test_returns_exploratory.TestAggregateGuardWhilePending" name="test_30_place_and_complete_new_order" time="0.950" /><testcase classname="backend.tests.test_returns_exploratory.TestAggregateGuardWhilePending" name="test_31_first_return_pending" time="0.214" /><testcase classname="backend.tests.test_returns_exploratory.TestAggregateGuardWhilePending" name="test_32_second_return_exceeds_remaining_returnable" time="0.174" /><testcase classname="backend.tests.test_returns_exploratory.TestAggregateGuardWhilePending" name="test_33_second_return_at_exact_remaining_ok" time="0.178" /><testcase classname="backend.tests.test_returns_exploratory.TestConfirmOnRejected" name="test_40_create_and_reject" time="0.404" /><testcase classname="backend.tests.test_returns_exploratory.TestConfirmOnRejected" name="test_41_confirm_on_rejected_400" time="0.170" /><testcase classname="backend.tests.test_returns_exploratory.TestGetReturnAuthMatrix" name="test_50_owner_pharmacy_can_read" time="0.150" /><testcase classname="backend.tests.test_returns_exploratory.TestGetReturnAuthMatrix" name="test_51_owner_supplier_can_read" time="0.154" /><testcase classname="backend.tests.test_returns_exploratory.TestGetReturnAuthMatrix" name="test_52_foreign_pharmacy_gets_403" time="0.140" /><testcase classname="backend.tests.test_returns_exploratory.TestGetReturnAuthMatrix" name="test_53_supplier_cannot_read_other_supplier_returns" time="0.154" /></testsuite></testsuites>