<?xml version="1.0" encoding="utf-8"?><testsuites name="pytest tests"><testsuite name="pytest" errors="0" failures="0" skipped="0" tests="65" time="12.689" timestamp="2026-07-26T10:12:32.607231+00:00" hostname="agent-env-1494adb4-9ac7-4c55-8aae-9641c484f2f7"><testcase classname="backend.tests.test_fifo_inventory.TestFIFOFullFlow" name="test_A_buy_v2_creates_medicine_and_batch" time="0.404" /><testcase classname="backend.tests.test_fifo_inventory.TestFIFOFullFlow" name="test_B_buy_more_at_150" time="0.130" /><testcase classname="backend.tests.test_fifo_inventory.TestFIFOFullFlow" name="test_C_buy_more_at_180" time="0.093" /><testcase classname="backend.tests.test_fifo_inventory.TestFIFOFullFlow" name="test_D_batches_endpoint_shows_three_batches" time="0.101" /><testcase classname="backend.tests.test_fifo_inventory.TestFIFOFullFlow" name="test_E_sell_15_units_fifo" time="0.106" /><testcase classname="backend.tests.test_fifo_inventory.TestFIFOFullFlow" name="test_F_sell_25_units_fifo" time="0.109" /><testcase classname="backend.tests.test_fifo_inventory.TestFIFOFullFlow" name="test_G_batches_after_sales" time="0.095" /><testcase classname="backend.tests.test_fifo_inventory.TestFIFOFullFlow" name="test_H_insufficient_stock_error" time="0.095" /><testcase classname="backend.tests.test_fifo_inventory.TestFIFOFullFlow" name="test_I_profit_report_day" time="0.128" /><testcase classname="backend.tests.test_fifo_inventory.TestBatchesRestoreDirect" name="test_restore_after_partial_sell" time="0.471" /><testcase classname="backend.tests.test_returns_flow.TestReturnsSetup" name="test_00_supplier_id_from_login" time="0.107" /><testcase classname="backend.tests.test_returns_flow.TestReturnsSetup" name="test_01_seed_two_medicines_with_batches" time="0.433" /><testcase classname="backend.tests.test_returns_flow.TestReturnsSetup" name="test_02_partially_consume_med_a" time="0.200" /><testcase classname="backend.tests.test_returns_flow.TestSupplierOrderChain" name="test_10_commit_supplier_order" time="0.106" /><testcase classname="backend.tests.test_returns_flow.TestSupplierOrderChain" name="test_11_supplier_accept_process_deliver" time="0.511" /><testcase classname="backend.tests.test_returns_flow.TestSupplierOrderChain" name="test_12_pharmacy_confirm_receipt_completes_order" time="0.093" /><testcase classname="backend.tests.test_returns_flow.TestSupplierOrderChain" name="test_13_supplier_debit_reflects_completed_order" time="0.109" /><testcase classname="backend.tests.test_returns_flow.TestReturnsHappyPath" name="test_20_create_return_valid" time="0.108" /><testcase classname="backend.tests.test_returns_flow.TestReturnsHappyPath" name="test_21_return_over_quantity_rejected" time="0.095" /><testcase classname="backend.tests.test_returns_flow.TestReturnsHappyPath" name="test_22_supplier_approves_return" time="0.106" /><testcase classname="backend.tests.test_returns_flow.TestReturnsHappyPath" name="test_23_pharmacy_marks_shipped" time="0.103" /><testcase classname="backend.tests.test_returns_flow.TestReturnsHappyPath" name="test_24_supplier_confirms_receipt_deducts_stock_and_credits" time="0.115" /><testcase classname="backend.tests.test_returns_flow.TestReturnsHappyPath" name="test_25_batches_lifo_deduct_med_a" time="0.102" /><testcase classname="backend.tests.test_returns_flow.TestReturnsHappyPath" name="test_26_batches_lifo_deduct_med_b" time="0.095" /><testcase classname="backend.tests.test_returns_flow.TestReturnsHappyPath" name="test_27_supplier_ledger_entry_created" time="0.143" /><testcase classname="backend.tests.test_returns_flow.TestReturnsHappyPath" name="test_28_idempotency_confirm_receipt" time="0.098" /><testcase classname="backend.tests.test_returns_flow.TestReturnsHappyPath" name="test_29_direct_apply_return_credit_is_idempotent" time="0.108" /><testcase classname="backend.tests.test_returns_flow.TestReturnsRejectionPath" name="test_30_create_second_return" time="0.104" /><testcase classname="backend.tests.test_returns_flow.TestReturnsRejectionPath" name="test_31_supplier_rejects" time="0.114" /><testcase classname="backend.tests.test_returns_flow.TestReturnsRejectionPath" name="test_32_no_ledger_entry_for_rejected" time="0.118" /><testcase classname="backend.tests.test_returns_flow.TestReturnsRejectionPath" name="test_33_no_stock_change_after_rejection" time="0.098" /><testcase classname="backend.tests.test_returns_flow.TestReturnsGuards" name="test_40_return_from_pending_order_rejected" time="0.192" /><testcase classname="backend.tests.test_returns_flow.TestReturnsGuards" name="test_41_unauthenticated_returns_endpoint" time="0.099" /><testcase classname="backend.tests.test_returns_flow.TestReturnsGuards" name="test_42_pharmacy_cannot_approve" time="0.103" /><testcase classname="backend.tests.test_returns_flow.TestReturnsProfitReport" name="test_50_profit_report_unaffected_by_returns" time="0.094" /><testcase classname="backend.tests.test_batch_expiry.TestA_BatchCreationPreservesHistory" name="test_two_batches_distinct_expiry" time="0.407" /><testcase classname="backend.tests.test_batch_expiry.TestB_FIFODrainsOldestFirst" name="test_sell_15_drains_batch1" time="0.391" /><testcase classname="backend.tests.test_batch_expiry.TestC_DepletedBatchExcludedFromAlerts" name="test_depleted_earliest_batch_stops_alert" time="0.626" /><testcase classname="backend.tests.test_batch_expiry.TestC_DepletedBatchExcludedFromAlerts" name="test_depleted_past_expiry_batch_not_in_expired_list" time="0.481" /><testcase classname="backend.tests.test_batch_expiry.TestD_AlertsForActiveBatches" name="test_active_7day_batch_triggers_alert" time="0.323" /><testcase classname="backend.tests.test_batch_expiry.TestE_DedupeIdempotency" name="test_scan_twice_no_duplicate" time="0.524" /><testcase classname="backend.tests.test_batch_expiry.TestF_WeeklyExpiredReport" name="test_weekly_dedupe_and_active_only" time="1.156" /><testcase classname="backend.tests.test_batch_expiry.TestG_ExpiredListSchema" name="test_expired_list_returns_batch_details" time="0.404" /><testcase classname="backend.tests.test_batch_expiry.TestSanityGuards" name="test_scan_expiry_requires_auth" time="0.094" /><testcase classname="backend.tests.test_batch_expiry.TestSanityGuards" name="test_scan_expiry_forbids_supplier" time="0.188" /><testcase classname="backend.tests.test_paper_orders.TestCommitPaperOrder" name="test_commit_creates_medicines_and_batches" time="0.212" /><testcase classname="backend.tests.test_paper_orders.TestCommitPaperOrder" name="test_medicine_A_persisted_with_expiry_mirror" time="0.123" /><testcase classname="backend.tests.test_paper_orders.TestCommitPaperOrder" name="test_medicine_B_persisted_expiry_null" time="0.098" /><testcase classname="backend.tests.test_paper_orders.TestCommitPaperOrder" name="test_batch_created_with_batch_number_for_A" time="0.193" /><testcase classname="backend.tests.test_paper_orders.TestListAndDetail" name="test_list_omits_image_base64" time="0.097" /><testcase classname="backend.tests.test_paper_orders.TestListAndDetail" name="test_detail_includes_image_base64" time="0.096" /><testcase classname="backend.tests.test_paper_orders.TestPayments" name="test_pay_first_5000_partial" time="0.216" /><testcase classname="backend.tests.test_paper_orders.TestPayments" name="test_pay_second_5000_paid" time="0.096" /><testcase classname="backend.tests.test_paper_orders.TestPayments" name="test_pay_over_full_400" time="0.109" /><testcase classname="backend.tests.test_paper_orders.TestPayments" name="test_pay_negative_400" time="0.101" /><testcase classname="backend.tests.test_paper_orders.TestSupplierLedgerMirror" name="test_commit_with_supplier_id_creates_debit" time="0.291" /><testcase classname="backend.tests.test_paper_orders.TestSupplierLedgerMirror" name="test_payment_mirrors_credit" time="0.206" /><testcase classname="backend.tests.test_paper_orders.TestNoLedgerWithoutSupplierId" name="test_no_ledger_entry_for_free_text_supplier" time="0.212" /><testcase classname="backend.tests.test_paper_orders.TestAuthGuards" name="test_scan_image_unauth_401" time="0.094" /><testcase classname="backend.tests.test_paper_orders.TestAuthGuards" name="test_scan_image_supplier_role_forbidden" time="0.097" /><testcase classname="backend.tests.test_paper_orders.TestAuthGuards" name="test_commit_unauth_401" time="0.091" /><testcase classname="backend.tests.test_paper_orders.TestAuthGuards" name="test_list_unauth_401" time="0.092" /><testcase classname="backend.tests.test_paper_orders.TestBadInput" name="test_commit_empty_items" time="0.094" /><testcase classname="backend.tests.test_paper_orders.TestBadInput" name="test_commit_empty_image" time="0.101" /><testcase classname="backend.tests.test_paper_orders.TestBadInput" name="test_scan_image_tiny_400" time="0.096" /></testsuite></testsuites>