<?xml version="1.0" encoding="utf-8"?><testsuites name="pytest tests"><testsuite name="pytest" errors="0" failures="0" skipped="0" tests="8" time="6.094" timestamp="2026-07-31T16:49:34.685985+00:00" hostname="agent-env-1494adb4-9ac7-4c55-8aae-9641c484f2f7"><testcase classname="backend.tests.test_sync_production.TestSyncFlow" name="test_01_register_ok" time="1.719" /><testcase classname="backend.tests.test_sync_production.TestSyncFlow" name="test_02_android_create_medicine_1" time="0.097" /><testcase classname="backend.tests.test_sync_production.TestSyncFlow" name="test_03_windows_login_same_credentials" time="1.181" /><testcase classname="backend.tests.test_sync_production.TestSyncFlow" name="test_04_windows_sees_med_1" time="0.084" /><testcase classname="backend.tests.test_sync_production.TestSyncFlow" name="test_05_windows_create_medicine_2" time="0.058" /><testcase classname="backend.tests.test_sync_production.TestSyncFlow" name="test_06_android_sees_both" time="1.105" /><testcase classname="backend.tests.test_sync_production.TestSyncFlow" name="test_07_customer_round_trip" time="0.401" /><testcase classname="backend.tests.test_sync_production.TestAdminRegression" name="test_08_admin_pharmacy_summary" time="1.379" /></testsuite></testsuites>