<?xml version="1.0" encoding="utf-8"?><testsuites name="pytest tests"><testsuite name="pytest" errors="0" failures="0" skipped="0" tests="10" time="4.576" timestamp="2026-07-07T14:15:28.450782+00:00" hostname="agent-env-1494adb4-9ac7-4c55-8aae-9641c484f2f7"><testcase classname="backend.tests.test_fifo_inventory.TestFIFOFullFlow" name="test_A_buy_v2_creates_medicine_and_batch" time="0.532" /><testcase classname="backend.tests.test_fifo_inventory.TestFIFOFullFlow" name="test_B_buy_more_at_150" time="0.344" /><testcase classname="backend.tests.test_fifo_inventory.TestFIFOFullFlow" name="test_C_buy_more_at_180" time="0.277" /><testcase classname="backend.tests.test_fifo_inventory.TestFIFOFullFlow" name="test_D_batches_endpoint_shows_three_batches" time="0.248" /><testcase classname="backend.tests.test_fifo_inventory.TestFIFOFullFlow" name="test_E_sell_15_units_fifo" time="0.284" /><testcase classname="backend.tests.test_fifo_inventory.TestFIFOFullFlow" name="test_F_sell_25_units_fifo" time="0.268" /><testcase classname="backend.tests.test_fifo_inventory.TestFIFOFullFlow" name="test_G_batches_after_sales" time="0.243" /><testcase classname="backend.tests.test_fifo_inventory.TestFIFOFullFlow" name="test_H_insufficient_stock_error" time="0.250" /><testcase classname="backend.tests.test_fifo_inventory.TestFIFOFullFlow" name="test_I_profit_report_day" time="0.307" /><testcase classname="backend.tests.test_fifo_inventory.TestBatchesRestoreDirect" name="test_restore_after_partial_sell" time="0.868" /></testsuite></testsuites>