<?xml version="1.0" encoding="utf-8"?><testsuites name="pytest tests"><testsuite name="pytest" errors="0" failures="0" skipped="0" tests="25" time="10.711" timestamp="2026-07-07T15:58:17.931100+00:00" hostname="agent-env-1494adb4-9ac7-4c55-8aae-9641c484f2f7"><testcase classname="backend.tests.test_returns_flow.TestReturnsSetup" name="test_00_supplier_id_from_login" time="0.473" /><testcase classname="backend.tests.test_returns_flow.TestReturnsSetup" name="test_01_seed_two_medicines_with_batches" time="2.101" /><testcase classname="backend.tests.test_returns_flow.TestReturnsSetup" name="test_02_partially_consume_med_a" time="0.536" /><testcase classname="backend.tests.test_returns_flow.TestSupplierOrderChain" name="test_10_commit_supplier_order" time="0.216" /><testcase classname="backend.tests.test_returns_flow.TestSupplierOrderChain" name="test_11_supplier_accept_process_deliver" time="1.390" /><testcase classname="backend.tests.test_returns_flow.TestSupplierOrderChain" name="test_12_pharmacy_confirm_receipt_completes_order" time="0.459" /><testcase classname="backend.tests.test_returns_flow.TestSupplierOrderChain" name="test_13_supplier_debit_reflects_completed_order" time="0.799" /><testcase classname="backend.tests.test_returns_flow.TestReturnsHappyPath" name="test_20_create_return_valid" time="0.603" /><testcase classname="backend.tests.test_returns_flow.TestReturnsHappyPath" name="test_21_return_over_quantity_rejected" time="0.393" /><testcase classname="backend.tests.test_returns_flow.TestReturnsHappyPath" name="test_22_supplier_approves_return" time="0.399" /><testcase classname="backend.tests.test_returns_flow.TestReturnsHappyPath" name="test_23_pharmacy_marks_shipped" time="0.237" /><testcase classname="backend.tests.test_returns_flow.TestReturnsHappyPath" name="test_24_supplier_confirms_receipt_deducts_stock_and_credits" time="0.337" /><testcase classname="backend.tests.test_returns_flow.TestReturnsHappyPath" name="test_25_batches_lifo_deduct_med_a" time="0.171" /><testcase classname="backend.tests.test_returns_flow.TestReturnsHappyPath" name="test_26_batches_lifo_deduct_med_b" time="0.179" /><testcase classname="backend.tests.test_returns_flow.TestReturnsHappyPath" name="test_27_supplier_ledger_entry_created" time="0.178" /><testcase classname="backend.tests.test_returns_flow.TestReturnsHappyPath" name="test_28_idempotency_confirm_receipt" time="0.204" /><testcase classname="backend.tests.test_returns_flow.TestReturnsHappyPath" name="test_29_direct_apply_return_credit_is_idempotent" time="0.171" /><testcase classname="backend.tests.test_returns_flow.TestReturnsRejectionPath" name="test_30_create_second_return" time="0.162" /><testcase classname="backend.tests.test_returns_flow.TestReturnsRejectionPath" name="test_31_supplier_rejects" time="0.171" /><testcase classname="backend.tests.test_returns_flow.TestReturnsRejectionPath" name="test_32_no_ledger_entry_for_rejected" time="0.181" /><testcase classname="backend.tests.test_returns_flow.TestReturnsRejectionPath" name="test_33_no_stock_change_after_rejection" time="0.169" /><testcase classname="backend.tests.test_returns_flow.TestReturnsGuards" name="test_40_return_from_pending_order_rejected" time="0.327" /><testcase classname="backend.tests.test_returns_flow.TestReturnsGuards" name="test_41_unauthenticated_returns_endpoint" time="0.209" /><testcase classname="backend.tests.test_returns_flow.TestReturnsGuards" name="test_42_pharmacy_cannot_approve" time="0.156" /><testcase classname="backend.tests.test_returns_flow.TestReturnsProfitReport" name="test_50_profit_report_unaffected_by_returns" time="0.188" /></testsuite></testsuites>