<?xml version="1.0" encoding="utf-8"?><testsuites name="pytest tests"><testsuite name="pytest" errors="0" failures="0" skipped="0" tests="40" time="9.728" timestamp="2026-07-26T13:26:01.030076+00:00" hostname="agent-env-1494adb4-9ac7-4c55-8aae-9641c484f2f7"><testcase classname="backend.tests.test_paper_orders.TestCommitPaperOrder" name="test_commit_creates_medicines_and_batches" time="0.340" /><testcase classname="backend.tests.test_paper_orders.TestCommitPaperOrder" name="test_medicine_A_persisted_with_expiry_mirror" time="0.112" /><testcase classname="backend.tests.test_paper_orders.TestCommitPaperOrder" name="test_medicine_B_persisted_expiry_null" time="0.165" /><testcase classname="backend.tests.test_paper_orders.TestCommitPaperOrder" name="test_batch_created_with_batch_number_for_A" time="0.256" /><testcase classname="backend.tests.test_paper_orders.TestListAndDetail" name="test_list_omits_image_base64" time="0.137" /><testcase classname="backend.tests.test_paper_orders.TestListAndDetail" name="test_detail_includes_image_base64" time="0.140" /><testcase classname="backend.tests.test_paper_orders.TestPayments" name="test_pay_first_5000_partial" time="0.192" /><testcase classname="backend.tests.test_paper_orders.TestPayments" name="test_pay_second_5000_paid" time="0.107" /><testcase classname="backend.tests.test_paper_orders.TestPayments" name="test_pay_over_full_400" time="0.096" /><testcase classname="backend.tests.test_paper_orders.TestPayments" name="test_pay_negative_400" time="0.104" /><testcase classname="backend.tests.test_paper_orders.TestSupplierLedgerMirror" name="test_commit_with_supplier_id_creates_debit" time="0.374" /><testcase classname="backend.tests.test_paper_orders.TestSupplierLedgerMirror" name="test_payment_mirrors_credit" time="0.223" /><testcase classname="backend.tests.test_paper_orders.TestNoLedgerWithoutSupplierId" name="test_no_ledger_entry_for_free_text_supplier" time="0.257" /><testcase classname="backend.tests.test_paper_orders.TestAuthGuards" name="test_scan_image_unauth_401" time="0.101" /><testcase classname="backend.tests.test_paper_orders.TestAuthGuards" name="test_scan_image_supplier_role_forbidden" time="0.094" /><testcase classname="backend.tests.test_paper_orders.TestAuthGuards" name="test_commit_unauth_401" time="0.098" /><testcase classname="backend.tests.test_paper_orders.TestAuthGuards" name="test_list_unauth_401" time="0.095" /><testcase classname="backend.tests.test_paper_orders.TestBadInput" name="test_commit_empty_items" time="0.093" /><testcase classname="backend.tests.test_paper_orders.TestBadInput" name="test_commit_empty_image" time="0.102" /><testcase classname="backend.tests.test_paper_orders.TestBadInput" name="test_scan_image_tiny_400" time="0.099" /><testcase classname="backend.tests.test_fifo_inventory.TestFIFOFullFlow" name="test_A_buy_v2_creates_medicine_and_batch" time="0.214" /><testcase classname="backend.tests.test_fifo_inventory.TestFIFOFullFlow" name="test_B_buy_more_at_150" time="0.140" /><testcase classname="backend.tests.test_fifo_inventory.TestFIFOFullFlow" name="test_C_buy_more_at_180" time="0.102" /><testcase classname="backend.tests.test_fifo_inventory.TestFIFOFullFlow" name="test_D_batches_endpoint_shows_three_batches" time="0.107" /><testcase classname="backend.tests.test_fifo_inventory.TestFIFOFullFlow" name="test_E_sell_15_units_fifo" time="0.110" /><testcase classname="backend.tests.test_fifo_inventory.TestFIFOFullFlow" name="test_F_sell_25_units_fifo" time="0.124" /><testcase classname="backend.tests.test_fifo_inventory.TestFIFOFullFlow" name="test_G_batches_after_sales" time="0.097" /><testcase classname="backend.tests.test_fifo_inventory.TestFIFOFullFlow" name="test_H_insufficient_stock_error" time="0.098" /><testcase classname="backend.tests.test_fifo_inventory.TestFIFOFullFlow" name="test_I_profit_report_day" time="0.097" /><testcase classname="backend.tests.test_fifo_inventory.TestBatchesRestoreDirect" name="test_restore_after_partial_sell" time="0.449" /><testcase classname="backend.tests.test_batch_expiry.TestA_BatchCreationPreservesHistory" name="test_two_batches_distinct_expiry" time="0.438" /><testcase classname="backend.tests.test_batch_expiry.TestB_FIFODrainsOldestFirst" name="test_sell_15_drains_batch1" time="0.426" /><testcase classname="backend.tests.test_batch_expiry.TestC_DepletedBatchExcludedFromAlerts" name="test_depleted_earliest_batch_stops_alert" time="0.639" /><testcase classname="backend.tests.test_batch_expiry.TestC_DepletedBatchExcludedFromAlerts" name="test_depleted_past_expiry_batch_not_in_expired_list" time="0.521" /><testcase classname="backend.tests.test_batch_expiry.TestD_AlertsForActiveBatches" name="test_active_7day_batch_triggers_alert" time="0.453" /><testcase classname="backend.tests.test_batch_expiry.TestE_DedupeIdempotency" name="test_scan_twice_no_duplicate" time="0.546" /><testcase classname="backend.tests.test_batch_expiry.TestF_WeeklyExpiredReport" name="test_weekly_dedupe_and_active_only" time="1.177" /><testcase classname="backend.tests.test_batch_expiry.TestG_ExpiredListSchema" name="test_expired_list_returns_batch_details" time="0.419" /><testcase classname="backend.tests.test_batch_expiry.TestSanityGuards" name="test_scan_expiry_requires_auth" time="0.097" /><testcase classname="backend.tests.test_batch_expiry.TestSanityGuards" name="test_scan_expiry_forbids_supplier" time="0.201" /></testsuite></testsuites>