<?xml version="1.0" encoding="utf-8"?><testsuites name="pytest tests"><testsuite name="pytest" errors="0" failures="0" skipped="0" tests="13" time="4.388" timestamp="2026-06-05T14:10:49.134744+00:00" hostname="agent-env-1494adb4-9ac7-4c55-8aae-9641c484f2f7"><testcase classname="tests.test_pharmacy_savings.TestSavingsEndpointAuth" name="test_unauthenticated_returns_401_or_403" time="0.321" /><testcase classname="tests.test_pharmacy_savings.TestSavingsEndpointAuth" name="test_supplier_role_forbidden" time="0.131" /><testcase classname="tests.test_pharmacy_savings.TestSavingsEndpointAuth" name="test_pharmacy_response_shape" time="0.131" /><testcase classname="tests.test_pharmacy_savings.TestCommitWithSavings" name="test_commit_stores_savings_per_order" time="0.082" /><testcase classname="tests.test_pharmacy_savings.TestCommitWithSavings" name="test_commit_distributes_savings_proportional_when_per_group_missing" time="0.072" /><testcase classname="tests.test_pharmacy_savings.TestCommitWithSavings" name="test_commit_without_savings_backward_compat" time="0.089" /><testcase classname="tests.test_pharmacy_savings.TestCommitWithSavings" name="test_commit_idempotency_same_commit_id" time="0.152" /><testcase classname="tests.test_pharmacy_savings.TestManualCompletionCreditsSavings" name="test_manual_completion_credits_once" time="0.593" /><testcase classname="tests.test_pharmacy_savings.TestManualCompletionCreditsSavings" name="test_completion_without_savings_no_increment" time="0.431" /><testcase classname="tests.test_pharmacy_savings.TestAutoCompletionCreditsSavings" name="test_auto_complete_credits_once" time="0.590" /><testcase classname="tests.test_pharmacy_savings.TestLifecycleRoleAndRegression" name="test_pharmacy_cannot_accept_order" time="0.198" /><testcase classname="tests.test_pharmacy_savings.TestLifecycleRoleAndRegression" name="test_supplier_cannot_confirm_receipt" time="0.413" /><testcase classname="tests.test_pharmacy_savings.TestLifecycleRoleAndRegression" name="test_pending_order_redacts_pharmacy_info" time="0.202" /></testsuite></testsuites>