<?xml version="1.0" encoding="utf-8"?><testsuites name="pytest tests"><testsuite name="pytest" errors="0" failures="0" skipped="0" tests="20" time="3.820" timestamp="2026-07-25T22:22:54.695155+00:00" hostname="agent-env-1494adb4-9ac7-4c55-8aae-9641c484f2f7"><testcase classname="tests.test_paper_orders.TestCommitPaperOrder" name="test_commit_creates_medicines_and_batches" time="0.431" /><testcase classname="tests.test_paper_orders.TestCommitPaperOrder" name="test_medicine_A_persisted_with_expiry_mirror" time="0.149" /><testcase classname="tests.test_paper_orders.TestCommitPaperOrder" name="test_medicine_B_persisted_expiry_null" time="0.124" /><testcase classname="tests.test_paper_orders.TestCommitPaperOrder" name="test_batch_created_with_batch_number_for_A" time="0.247" /><testcase classname="tests.test_paper_orders.TestListAndDetail" name="test_list_omits_image_base64" time="0.102" /><testcase classname="tests.test_paper_orders.TestListAndDetail" name="test_detail_includes_image_base64" time="0.138" /><testcase classname="tests.test_paper_orders.TestPayments" name="test_pay_first_5000_partial" time="0.297" /><testcase classname="tests.test_paper_orders.TestPayments" name="test_pay_second_5000_paid" time="0.111" /><testcase classname="tests.test_paper_orders.TestPayments" name="test_pay_over_full_400" time="0.138" /><testcase classname="tests.test_paper_orders.TestPayments" name="test_pay_negative_400" time="0.194" /><testcase classname="tests.test_paper_orders.TestSupplierLedgerMirror" name="test_commit_with_supplier_id_creates_debit" time="0.319" /><testcase classname="tests.test_paper_orders.TestSupplierLedgerMirror" name="test_payment_mirrors_credit" time="0.217" /><testcase classname="tests.test_paper_orders.TestNoLedgerWithoutSupplierId" name="test_no_ledger_entry_for_free_text_supplier" time="0.247" /><testcase classname="tests.test_paper_orders.TestAuthGuards" name="test_scan_image_unauth_401" time="0.099" /><testcase classname="tests.test_paper_orders.TestAuthGuards" name="test_scan_image_supplier_role_forbidden" time="0.160" /><testcase classname="tests.test_paper_orders.TestAuthGuards" name="test_commit_unauth_401" time="0.122" /><testcase classname="tests.test_paper_orders.TestAuthGuards" name="test_list_unauth_401" time="0.098" /><testcase classname="tests.test_paper_orders.TestBadInput" name="test_commit_empty_items" time="0.101" /><testcase classname="tests.test_paper_orders.TestBadInput" name="test_commit_empty_image" time="0.111" /><testcase classname="tests.test_paper_orders.TestBadInput" name="test_scan_image_tiny_400" time="0.180" /></testsuite></testsuites>