<?xml version="1.0" encoding="utf-8"?><testsuites name="pytest tests"><testsuite name="pytest" errors="0" failures="0" skipped="0" tests="43" time="11.855" timestamp="2026-07-12T14:11:11.175008+00:00" hostname="agent-env-1494adb4-9ac7-4c55-8aae-9641c484f2f7"><testcase classname="backend.tests.test_returns_flow.TestReturnsSetup" name="test_00_supplier_id_from_login" time="0.208" /><testcase classname="backend.tests.test_returns_flow.TestReturnsSetup" name="test_01_seed_two_medicines_with_batches" time="0.672" /><testcase classname="backend.tests.test_returns_flow.TestReturnsSetup" name="test_02_partially_consume_med_a" time="0.314" /><testcase classname="backend.tests.test_returns_flow.TestSupplierOrderChain" name="test_10_commit_supplier_order" time="0.190" /><testcase classname="backend.tests.test_returns_flow.TestSupplierOrderChain" name="test_11_supplier_accept_process_deliver" time="0.508" /><testcase classname="backend.tests.test_returns_flow.TestSupplierOrderChain" name="test_12_pharmacy_confirm_receipt_completes_order" time="0.186" /><testcase classname="backend.tests.test_returns_flow.TestSupplierOrderChain" name="test_13_supplier_debit_reflects_completed_order" time="0.154" /><testcase classname="backend.tests.test_returns_flow.TestReturnsHappyPath" name="test_20_create_return_valid" time="0.158" /><testcase classname="backend.tests.test_returns_flow.TestReturnsHappyPath" name="test_21_return_over_quantity_rejected" time="0.137" /><testcase classname="backend.tests.test_returns_flow.TestReturnsHappyPath" name="test_22_supplier_approves_return" time="0.163" /><testcase classname="backend.tests.test_returns_flow.TestReturnsHappyPath" name="test_23_pharmacy_marks_shipped" time="0.181" /><testcase classname="backend.tests.test_returns_flow.TestReturnsHappyPath" name="test_24_supplier_confirms_receipt_deducts_stock_and_credits" time="0.196" /><testcase classname="backend.tests.test_returns_flow.TestReturnsHappyPath" name="test_25_batches_lifo_deduct_med_a" time="0.141" /><testcase classname="backend.tests.test_returns_flow.TestReturnsHappyPath" name="test_26_batches_lifo_deduct_med_b" time="0.146" /><testcase classname="backend.tests.test_returns_flow.TestReturnsHappyPath" name="test_27_supplier_ledger_entry_created" time="0.150" /><testcase classname="backend.tests.test_returns_flow.TestReturnsHappyPath" name="test_28_idempotency_confirm_receipt" time="0.150" /><testcase classname="backend.tests.test_returns_flow.TestReturnsHappyPath" name="test_29_direct_apply_return_credit_is_idempotent" time="0.152" /><testcase classname="backend.tests.test_returns_flow.TestReturnsRejectionPath" name="test_30_create_second_return" time="0.153" /><testcase classname="backend.tests.test_returns_flow.TestReturnsRejectionPath" name="test_31_supplier_rejects" time="0.162" /><testcase classname="backend.tests.test_returns_flow.TestReturnsRejectionPath" name="test_32_no_ledger_entry_for_rejected" time="0.148" /><testcase classname="backend.tests.test_returns_flow.TestReturnsRejectionPath" name="test_33_no_stock_change_after_rejection" time="0.138" /><testcase classname="backend.tests.test_returns_flow.TestReturnsGuards" name="test_40_return_from_pending_order_rejected" time="0.281" /><testcase classname="backend.tests.test_returns_flow.TestReturnsGuards" name="test_41_unauthenticated_returns_endpoint" time="0.153" /><testcase classname="backend.tests.test_returns_flow.TestReturnsGuards" name="test_42_pharmacy_cannot_approve" time="0.145" /><testcase classname="backend.tests.test_returns_flow.TestReturnsProfitReport" name="test_50_profit_report_unaffected_by_returns" time="0.166" /><testcase classname="backend.tests.test_returns_exploratory.TestExploratorySetup" name="test_00_seed" time="0.589" /><testcase classname="backend.tests.test_returns_exploratory.TestExploratorySetup" name="test_01_place_and_complete_supplier_order" time="1.155" /><testcase classname="backend.tests.test_returns_exploratory.TestMixedTrackedAndCustom" name="test_10_create_return_with_custom_line" time="0.174" /><testcase classname="backend.tests.test_returns_exploratory.TestMixedTrackedAndCustom" name="test_11_full_workflow_completes" time="0.477" /><testcase classname="backend.tests.test_returns_exploratory.TestMixedTrackedAndCustom" name="test_12_only_tracked_stock_deducted" time="0.156" /><testcase classname="backend.tests.test_returns_exploratory.TestTwoSequentialReturns" name="test_20_return_med_b_first" time="0.628" /><testcase classname="backend.tests.test_returns_exploratory.TestTwoSequentialReturns" name="test_21_return_med_a_second" time="0.658" /><testcase classname="backend.tests.test_returns_exploratory.TestTwoSequentialReturns" name="test_22_ledger_has_distinct_entries" time="0.162" /><testcase classname="backend.tests.test_returns_exploratory.TestAggregateGuardWhilePending" name="test_30_place_and_complete_new_order" time="0.777" /><testcase classname="backend.tests.test_returns_exploratory.TestAggregateGuardWhilePending" name="test_31_first_return_pending" time="0.151" /><testcase classname="backend.tests.test_returns_exploratory.TestAggregateGuardWhilePending" name="test_32_second_return_exceeds_remaining_returnable" time="0.166" /><testcase classname="backend.tests.test_returns_exploratory.TestAggregateGuardWhilePending" name="test_33_second_return_at_exact_remaining_ok" time="0.145" /><testcase classname="backend.tests.test_returns_exploratory.TestConfirmOnRejected" name="test_40_create_and_reject" time="0.348" /><testcase classname="backend.tests.test_returns_exploratory.TestConfirmOnRejected" name="test_41_confirm_on_rejected_400" time="0.151" /><testcase classname="backend.tests.test_returns_exploratory.TestGetReturnAuthMatrix" name="test_50_owner_pharmacy_can_read" time="0.140" /><testcase classname="backend.tests.test_returns_exploratory.TestGetReturnAuthMatrix" name="test_51_owner_supplier_can_read" time="0.192" /><testcase classname="backend.tests.test_returns_exploratory.TestGetReturnAuthMatrix" name="test_52_foreign_pharmacy_gets_403" time="0.154" /><testcase classname="backend.tests.test_returns_exploratory.TestGetReturnAuthMatrix" name="test_53_supplier_cannot_read_other_supplier_returns" time="0.153" /></testsuite></testsuites>