<?xml version="1.0" encoding="utf-8"?><testsuites name="pytest tests"><testsuite name="pytest" errors="0" failures="0" skipped="0" tests="72" time="15.786" timestamp="2026-07-25T19:19:50.677672+00:00" hostname="agent-env-1494adb4-9ac7-4c55-8aae-9641c484f2f7"><testcase classname="tests.test_batch_expiry.TestA_BatchCreationPreservesHistory" name="test_two_batches_distinct_expiry" time="0.447" /><testcase classname="tests.test_batch_expiry.TestB_FIFODrainsOldestFirst" name="test_sell_15_drains_batch1" time="0.448" /><testcase classname="tests.test_batch_expiry.TestC_DepletedBatchExcludedFromAlerts" name="test_depleted_earliest_batch_stops_alert" time="0.672" /><testcase classname="tests.test_batch_expiry.TestC_DepletedBatchExcludedFromAlerts" name="test_depleted_past_expiry_batch_not_in_expired_list" time="0.539" /><testcase classname="tests.test_batch_expiry.TestD_AlertsForActiveBatches" name="test_active_7day_batch_triggers_alert" time="0.373" /><testcase classname="tests.test_batch_expiry.TestE_DedupeIdempotency" name="test_scan_twice_no_duplicate" time="0.633" /><testcase classname="tests.test_batch_expiry.TestF_WeeklyExpiredReport" name="test_weekly_dedupe_and_active_only" time="1.213" /><testcase classname="tests.test_batch_expiry.TestG_ExpiredListSchema" name="test_expired_list_returns_batch_details" time="0.445" /><testcase classname="tests.test_batch_expiry.TestSanityGuards" name="test_scan_expiry_requires_auth" time="0.089" /><testcase classname="tests.test_batch_expiry.TestSanityGuards" name="test_scan_expiry_forbids_supplier" time="0.228" /><testcase classname="tests.test_fifo_inventory.TestFIFOFullFlow" name="test_A_buy_v2_creates_medicine_and_batch" time="0.238" /><testcase classname="tests.test_fifo_inventory.TestFIFOFullFlow" name="test_B_buy_more_at_150" time="0.104" /><testcase classname="tests.test_fifo_inventory.TestFIFOFullFlow" name="test_C_buy_more_at_180" time="0.106" /><testcase classname="tests.test_fifo_inventory.TestFIFOFullFlow" name="test_D_batches_endpoint_shows_three_batches" time="0.098" /><testcase classname="tests.test_fifo_inventory.TestFIFOFullFlow" name="test_E_sell_15_units_fifo" time="0.103" /><testcase classname="tests.test_fifo_inventory.TestFIFOFullFlow" name="test_F_sell_25_units_fifo" time="0.105" /><testcase classname="tests.test_fifo_inventory.TestFIFOFullFlow" name="test_G_batches_after_sales" time="0.102" /><testcase classname="tests.test_fifo_inventory.TestFIFOFullFlow" name="test_H_insufficient_stock_error" time="0.116" /><testcase classname="tests.test_fifo_inventory.TestFIFOFullFlow" name="test_I_profit_report_day" time="0.111" /><testcase classname="tests.test_fifo_inventory.TestBatchesRestoreDirect" name="test_restore_after_partial_sell" time="0.423" /><testcase classname="tests.test_returns_flow.TestReturnsSetup" name="test_00_supplier_id_from_login" time="0.107" /><testcase classname="tests.test_returns_flow.TestReturnsSetup" name="test_01_seed_two_medicines_with_batches" time="0.424" /><testcase classname="tests.test_returns_flow.TestReturnsSetup" name="test_02_partially_consume_med_a" time="0.208" /><testcase classname="tests.test_returns_flow.TestSupplierOrderChain" name="test_10_commit_supplier_order" time="0.108" /><testcase classname="tests.test_returns_flow.TestSupplierOrderChain" name="test_11_supplier_accept_process_deliver" time="0.352" /><testcase classname="tests.test_returns_flow.TestSupplierOrderChain" name="test_12_pharmacy_confirm_receipt_completes_order" time="0.109" /><testcase classname="tests.test_returns_flow.TestSupplierOrderChain" name="test_13_supplier_debit_reflects_completed_order" time="0.107" /><testcase classname="tests.test_returns_flow.TestReturnsHappyPath" name="test_20_create_return_valid" time="0.113" /><testcase classname="tests.test_returns_flow.TestReturnsHappyPath" name="test_21_return_over_quantity_rejected" time="0.100" /><testcase classname="tests.test_returns_flow.TestReturnsHappyPath" name="test_22_supplier_approves_return" time="0.115" /><testcase classname="tests.test_returns_flow.TestReturnsHappyPath" name="test_23_pharmacy_marks_shipped" time="0.111" /><testcase classname="tests.test_returns_flow.TestReturnsHappyPath" name="test_24_supplier_confirms_receipt_deducts_stock_and_credits" time="0.120" /><testcase classname="tests.test_returns_flow.TestReturnsHappyPath" name="test_25_batches_lifo_deduct_med_a" time="0.097" /><testcase classname="tests.test_returns_flow.TestReturnsHappyPath" name="test_26_batches_lifo_deduct_med_b" time="0.106" /><testcase classname="tests.test_returns_flow.TestReturnsHappyPath" name="test_27_supplier_ledger_entry_created" time="0.103" /><testcase classname="tests.test_returns_flow.TestReturnsHappyPath" name="test_28_idempotency_confirm_receipt" time="0.102" /><testcase classname="tests.test_returns_flow.TestReturnsHappyPath" name="test_29_direct_apply_return_credit_is_idempotent" time="0.111" /><testcase classname="tests.test_returns_flow.TestReturnsRejectionPath" name="test_30_create_second_return" time="0.120" /><testcase classname="tests.test_returns_flow.TestReturnsRejectionPath" name="test_31_supplier_rejects" time="0.110" /><testcase classname="tests.test_returns_flow.TestReturnsRejectionPath" name="test_32_no_ledger_entry_for_rejected" time="0.104" /><testcase classname="tests.test_returns_flow.TestReturnsRejectionPath" name="test_33_no_stock_change_after_rejection" time="0.104" /><testcase classname="tests.test_returns_flow.TestReturnsGuards" name="test_40_return_from_pending_order_rejected" time="0.219" /><testcase classname="tests.test_returns_flow.TestReturnsGuards" name="test_41_unauthenticated_returns_endpoint" time="0.105" /><testcase classname="tests.test_returns_flow.TestReturnsGuards" name="test_42_pharmacy_cannot_approve" time="0.095" /><testcase classname="tests.test_returns_flow.TestReturnsProfitReport" name="test_50_profit_report_unaffected_by_returns" time="0.100" /><testcase classname="tests.test_returns_exploratory.TestExploratorySetup" name="test_00_seed" time="0.477" /><testcase classname="tests.test_returns_exploratory.TestExploratorySetup" name="test_01_place_and_complete_supplier_order" time="0.779" /><testcase classname="tests.test_returns_exploratory.TestMixedTrackedAndCustom" name="test_10_create_return_with_custom_line" time="0.114" /><testcase classname="tests.test_returns_exploratory.TestMixedTrackedAndCustom" name="test_11_full_workflow_completes" time="0.381" /><testcase classname="tests.test_returns_exploratory.TestMixedTrackedAndCustom" name="test_12_only_tracked_stock_deducted" time="0.109" /><testcase classname="tests.test_returns_exploratory.TestTwoSequentialReturns" name="test_20_return_med_b_first" time="0.466" /><testcase classname="tests.test_returns_exploratory.TestTwoSequentialReturns" name="test_21_return_med_a_second" time="0.535" /><testcase classname="tests.test_returns_exploratory.TestTwoSequentialReturns" name="test_22_ledger_has_distinct_entries" time="0.112" /><testcase classname="tests.test_returns_exploratory.TestAggregateGuardWhilePending" name="test_30_place_and_complete_new_order" time="0.603" /><testcase classname="tests.test_returns_exploratory.TestAggregateGuardWhilePending" name="test_31_first_return_pending" time="0.124" /><testcase classname="tests.test_returns_exploratory.TestAggregateGuardWhilePending" name="test_32_second_return_exceeds_remaining_returnable" time="0.110" /><testcase classname="tests.test_returns_exploratory.TestAggregateGuardWhilePending" name="test_33_second_return_at_exact_remaining_ok" time="0.112" /><testcase classname="tests.test_returns_exploratory.TestConfirmOnRejected" name="test_40_create_and_reject" time="0.252" /><testcase classname="tests.test_returns_exploratory.TestConfirmOnRejected" name="test_41_confirm_on_rejected_400" time="0.099" /><testcase classname="tests.test_returns_exploratory.TestGetReturnAuthMatrix" name="test_50_owner_pharmacy_can_read" time="0.109" /><testcase classname="tests.test_returns_exploratory.TestGetReturnAuthMatrix" name="test_51_owner_supplier_can_read" time="0.095" /><testcase classname="tests.test_returns_exploratory.TestGetReturnAuthMatrix" name="test_52_foreign_pharmacy_gets_403" time="0.103" /><testcase classname="tests.test_returns_exploratory.TestGetReturnAuthMatrix" name="test_53_supplier_cannot_read_other_supplier_returns" time="0.108" /><testcase classname="tests.test_accounting_unlock.TestPharmacyVerifyPassword" name="test_correct_password_returns_ok" time="0.155" /><testcase classname="tests.test_accounting_unlock.TestPharmacyVerifyPassword" name="test_wrong_password_returns_401_arabic" time="0.046" /><testcase classname="tests.test_accounting_unlock.TestPharmacyVerifyPassword" name="test_empty_password_returns_401_arabic" time="0.046" /><testcase classname="tests.test_accounting_unlock.TestPharmacyVerifyPassword" name="test_no_auth_header_returns_401" time="0.045" /><testcase classname="tests.test_accounting_unlock.TestPharmacyVerifyPassword" name="test_invalid_body_returns_422" time="0.045" /><testcase classname="tests.test_accounting_unlock.TestSupplierVerifyPassword" name="test_correct_password_returns_ok" time="0.098" /><testcase classname="tests.test_accounting_unlock.TestSupplierVerifyPassword" name="test_pharmacy_password_rejected" time="0.046" /><testcase classname="tests.test_accounting_unlock.TestAdminVerifyPassword" name="test_correct_password_returns_ok" time="0.137" /><testcase classname="tests.test_accounting_unlock.TestPasswordRotationAffectsUnlockCode" name="test_rotate_and_verify" time="0.213" /></testsuite></testsuites>