<?xml version="1.0" encoding="utf-8"?><testsuites name="pytest tests"><testsuite name="pytest" errors="0" failures="0" skipped="0" tests="16" time="3.360" timestamp="2026-07-31T14:13:30.492775+00:00" hostname="agent-env-1494adb4-9ac7-4c55-8aae-9641c484f2f7"><testcase classname="backend.tests.test_pharmacy_migration.TestAdminLogin" name="test_admin_login_success" time="0.227" /><testcase classname="backend.tests.test_pharmacy_migration.TestPharmacySummary" name="test_summary_returns_expected_shape_and_counts" time="0.009" /><testcase classname="backend.tests.test_pharmacy_migration.TestPharmacySummary" name="test_summary_requires_auth" time="0.002" /><testcase classname="backend.tests.test_pharmacy_migration.TestPharmacySummary" name="test_summary_rejects_non_admin_token" time="0.267" /><testcase classname="backend.tests.test_pharmacy_migration.TestPharmacySummary" name="test_summary_unknown_phone_returns_404" time="0.003" /><testcase classname="backend.tests.test_pharmacy_migration.TestPharmacyExport" name="test_export_full_bundle" time="0.199" /><testcase classname="backend.tests.test_pharmacy_migration.TestPharmacyExport" name="test_export_requires_admin" time="0.004" /><testcase classname="backend.tests.test_pharmacy_migration.TestPharmacyExport" name="test_export_unknown_phone_returns_404" time="0.003" /><testcase classname="backend.tests.test_pharmacy_migration.TestPharmacyImport" name="test_import_merge_e2e" time="1.123" /><testcase classname="backend.tests.test_pharmacy_migration.TestPharmacyImport" name="test_import_idempotent" time="0.553" /><testcase classname="backend.tests.test_pharmacy_migration.TestPharmacyImport" name="test_import_replace_mode" time="0.539" /><testcase classname="backend.tests.test_pharmacy_migration.TestPharmacyImport" name="test_import_rejects_invalid_mode" time="0.002" /><testcase classname="backend.tests.test_pharmacy_migration.TestPharmacyImport" name="test_import_rejects_invalid_bundle" time="0.002" /><testcase classname="backend.tests.test_pharmacy_migration.TestPharmacyImport" name="test_import_rejects_unknown_target_phone" time="0.003" /><testcase classname="backend.tests.test_pharmacy_migration.TestRegression" name="test_source_pharmacy_login_still_works" time="0.224" /><testcase classname="backend.tests.test_pharmacy_migration.TestRegression" name="test_source_pharmacy_medicines_list_not_broken" time="0.116" /></testsuite></testsuites>