<?xml version="1.0" encoding="utf-8"?><testsuites name="pytest tests"><testsuite name="pytest" errors="0" failures="0" skipped="0" tests="15" time="3.715" timestamp="2026-05-09T14:40:33.342449+00:00" hostname="agent-env-1494adb4-9ac7-4c55-8aae-9641c484f2f7"><testcase classname="backend.tests.test_password_reset.TestForgotPassword" name="test_invalid_role_400" time="0.319" /><testcase classname="backend.tests.test_password_reset.TestForgotPassword" name="test_unknown_phone_returns_ok_no_leak" time="0.096" /><testcase classname="backend.tests.test_password_reset.TestForgotPassword" name="test_dev_mode_returns_dev_otp_for_pharmacy" time="0.139" /><testcase classname="backend.tests.test_password_reset.TestForgotPassword" name="test_rate_limit_4th_returns_429" time="0.358" /><testcase classname="backend.tests.test_password_reset.TestVerifyOtp" name="test_non_numeric_otp_400" time="0.063" /><testcase classname="backend.tests.test_password_reset.TestVerifyOtp" name="test_short_otp_400" time="0.063" /><testcase classname="backend.tests.test_password_reset.TestVerifyOtp" name="test_invalid_role_400" time="0.095" /><testcase classname="backend.tests.test_password_reset.TestVerifyOtp" name="test_wrong_otp_then_correct_uses_attempts_then_invalidates" time="0.405" /><testcase classname="backend.tests.test_password_reset.TestVerifyOtp" name="test_correct_otp_returns_reset_token_and_audit" time="0.223" /><testcase classname="backend.tests.test_password_reset.TestResetPassword" name="test_short_password_400" time="0.248" /><testcase classname="backend.tests.test_password_reset.TestResetPassword" name="test_invalid_token_401" time="0.057" /><testcase classname="backend.tests.test_password_reset.TestResetPassword" name="test_pharmacy_full_flow_password_changes" time="0.485" /><testcase classname="backend.tests.test_password_reset.TestResetPassword" name="test_supplier_full_flow_password_changes" time="0.384" /><testcase classname="backend.tests.test_password_reset.TestRegression" name="test_seeded_pharmacy_login_still_works" time="0.059" /><testcase classname="backend.tests.test_password_reset.TestRegression" name="test_seeded_supplier_login_still_works" time="0.070" /></testsuite></testsuites>