<?xml version="1.0" encoding="utf-8"?><testsuites name="pytest tests"><testsuite name="pytest" errors="0" failures="0" skipped="0" tests="14" time="4.732" timestamp="2026-05-08T11:17:51.705091+00:00" hostname="agent-env-1494adb4-9ac7-4c55-8aae-9641c484f2f7"><testcase classname="backend.tests.test_catalog_import.TestAuthGuards" name="test_pharmacy_forbidden_on_upload" time="0.258" /><testcase classname="backend.tests.test_catalog_import.TestAuthGuards" name="test_pharmacy_forbidden_on_jobs_list" time="0.054" /><testcase classname="backend.tests.test_catalog_import.TestAuthGuards" name="test_pharmacy_forbidden_on_publish" time="0.049" /><testcase classname="backend.tests.test_catalog_import.TestUploadValidation" name="test_empty_file_b64_returns_400" time="0.098" /><testcase classname="backend.tests.test_catalog_import.TestUploadValidation" name="test_oversize_returns_413" time="0.724" /><testcase classname="backend.tests.test_catalog_import.TestCatalogPipeline" name="test_full_pipeline" time="2.682" /><testcase classname="backend.tests.test_catalog_import.TestCatalogPipeline" name="test_job_detail_excludes_file_b64" time="0.053" /><testcase classname="backend.tests.test_catalog_import.TestPatchAndPublishDirect" name="test_patch_creates_correction_and_approves" time="0.268" /><testcase classname="backend.tests.test_catalog_import.TestPatchAndPublishDirect" name="test_invalid_match_status_rejected" time="0.051" /><testcase classname="backend.tests.test_catalog_import.TestPatchAndPublishDirect" name="test_patch_other_supplier_item_404" time="0.054" /><testcase classname="backend.tests.test_catalog_import.TestPatchAndPublishDirect" name="test_publish_only_approved_items" time="0.063" /><testcase classname="backend.tests.test_catalog_import.TestPatchAndPublishDirect" name="test_published_item_visible_in_marketplace" time="0.054" /><testcase classname="backend.tests.test_catalog_import.TestPatchAndPublishDirect" name="test_published_item_visible_in_supplier_products" time="0.050" /><testcase classname="backend.tests.test_catalog_import.TestPatchAndPublishDirect" name="test_publish_idempotent_updates_existing" time="0.065" /></testsuite></testsuites>