<?xml version="1.0" encoding="utf-8"?><testsuites name="pytest tests"><testsuite name="pytest" errors="0" failures="0" skipped="0" tests="17" time="5.748" timestamp="2026-07-26T15:44:57.476054+00:00" hostname="agent-env-1494adb4-9ac7-4c55-8aae-9641c484f2f7"><testcase classname="backend.tests.test_revert_and_paper_orders_tab.TestCustomerFIFOKept" name="test_01_create_customer_and_two_payments" time="3.450" /><testcase classname="backend.tests.test_revert_and_paper_orders_tab.TestCustomerFIFOKept" name="test_02_payments_sorted_asc_oldest_first" time="0.104" /><testcase classname="backend.tests.test_revert_and_paper_orders_tab.TestCustomerFIFOKept" name="test_03_fifo_allocations_still_present" time="0.144" /><testcase classname="backend.tests.test_revert_and_paper_orders_tab.TestSupplierReverted" name="test_01_find_supplier_with_orders" time="0.154" /><testcase classname="backend.tests.test_revert_and_paper_orders_tab.TestSupplierReverted" name="test_02_account_response_has_no_new_fields" time="0.135" /><testcase classname="backend.tests.test_revert_and_paper_orders_tab.TestSupplierReverted" name="test_03_orders_have_no_enrichment_fields" time="0.169" /><testcase classname="backend.tests.test_revert_and_paper_orders_tab.TestSupplierReverted" name="test_04_pay_endpoint_removed" time="0.109" /><testcase classname="backend.tests.test_revert_and_paper_orders_tab.TestSupplierReverted" name="test_05_unpaid_invoices_endpoint_removed" time="0.104" /><testcase classname="backend.tests.test_revert_and_paper_orders_tab.TestSupplierReverted" name="test_06_outstanding_formula_matches_purchased_minus_credit" time="0.119" /><testcase classname="backend.tests.test_revert_and_paper_orders_tab.TestPaperOrdersTabAPI" name="test_01_list_paper_orders" time="0.139" /><testcase classname="backend.tests.test_revert_and_paper_orders_tab.TestPaperOrdersTabAPI" name="test_02_paper_order_detail_returns_image" time="0.205" /><testcase classname="backend.tests.test_revert_and_paper_orders_tab.TestNoRegressions" name="test_summary" time="0.157" /><testcase classname="backend.tests.test_revert_and_paper_orders_tab.TestNoRegressions" name="test_customers_list" time="0.121" /><testcase classname="backend.tests.test_revert_and_paper_orders_tab.TestNoRegressions" name="test_supplier_accounts_list" time="0.118" /><testcase classname="backend.tests.test_revert_and_paper_orders_tab.TestNoRegressions" name="test_pharmacy_orders_list" time="0.118" /><testcase classname="backend.tests.test_revert_and_paper_orders_tab.TestNoRegressions" name="test_returns_list" time="0.129" /><testcase classname="backend.tests.test_revert_and_paper_orders_tab.TestNoRegressions" name="test_paper_order_pay_endpoint_still_works" time="0.206" /></testsuite></testsuites>