<?xml version="1.0" encoding="utf-8"?><testsuites name="pytest tests"><testsuite name="pytest" errors="0" failures="2" skipped="0" tests="10" time="4.860" timestamp="2026-07-25T19:19:23.389122+00:00" hostname="agent-env-1494adb4-9ac7-4c55-8aae-9641c484f2f7"><testcase classname="tests.test_batch_expiry.TestA_BatchCreationPreservesHistory" name="test_two_batches_distinct_expiry" time="0.770" /><testcase classname="tests.test_batch_expiry.TestB_FIFODrainsOldestFirst" name="test_sell_15_drains_batch1" time="0.501" /><testcase classname="tests.test_batch_expiry.TestC_DepletedBatchExcludedFromAlerts" name="test_depleted_earliest_batch_stops_alert" time="0.686" /><testcase classname="tests.test_batch_expiry.TestC_DepletedBatchExcludedFromAlerts" name="test_depleted_past_expiry_batch_not_in_expired_list" time="0.571" /><testcase classname="tests.test_batch_expiry.TestD_AlertsForActiveBatches" name="test_active_7day_batch_triggers_alert" time="0.413" /><testcase classname="tests.test_batch_expiry.TestE_DedupeIdempotency" name="test_scan_twice_no_duplicate" time="0.451"><failure message="AssertionError: {&quot;detail&quot;:[{&quot;type&quot;:&quot;less_than_equal&quot;,&quot;loc&quot;:[&quot;query&quot;,&quot;limit&quot;],&quot;msg&quot;:&quot;Input should be less than or equal to 200&quot;,&quot;input&quot;:&quot;500&quot;,&quot;ctx&quot;:{&quot;le&quot;:200},&quot;url&quot;:&quot;https://errors.pydantic.dev/2.12/v/less_than_equal&quot;}]}&#10;assert 422 == 200&#10; +  where 422 = &lt;Response [422]&gt;.status_code">tests/test_batch_expiry.py:253: in test_scan_twice_no_duplicate
    notifs = _notifs(h_pharm, limit=500)
             ^^^^^^^^^^^^^^^^^^^^^^^^^^^
tests/test_batch_expiry.py:99: in _notifs
    assert r.status_code == 200, r.text
E   AssertionError: {"detail":[{"type":"less_than_equal","loc":["query","limit"],"msg":"Input should be less than or equal to 200","input":"500","ctx":{"le":200},"url":"https://errors.pydantic.dev/2.12/v/less_than_equal"}]}
E   assert 422 == 200
E    +  where 422 = &lt;Response [422]&gt;.status_code</failure></testcase><testcase classname="tests.test_batch_expiry.TestF_WeeklyExpiredReport" name="test_weekly_dedupe_and_active_only" time="0.570"><failure message="AssertionError: {&quot;detail&quot;:[{&quot;type&quot;:&quot;less_than_equal&quot;,&quot;loc&quot;:[&quot;query&quot;,&quot;limit&quot;],&quot;msg&quot;:&quot;Input should be less than or equal to 200&quot;,&quot;input&quot;:&quot;500&quot;,&quot;ctx&quot;:{&quot;le&quot;:200},&quot;url&quot;:&quot;https://errors.pydantic.dev/2.12/v/less_than_equal&quot;}]}&#10;assert 422 == 200&#10; +  where 422 = &lt;Response [422]&gt;.status_code">tests/test_batch_expiry.py:275: in test_weekly_dedupe_and_active_only
    before = [n for n in _notifs(h_pharm, limit=500) if n.get("type") == "expired_weekly"]
                         ^^^^^^^^^^^^^^^^^^^^^^^^^^^
tests/test_batch_expiry.py:99: in _notifs
    assert r.status_code == 200, r.text
E   AssertionError: {"detail":[{"type":"less_than_equal","loc":["query","limit"],"msg":"Input should be less than or equal to 200","input":"500","ctx":{"le":200},"url":"https://errors.pydantic.dev/2.12/v/less_than_equal"}]}
E   assert 422 == 200
E    +  where 422 = &lt;Response [422]&gt;.status_code</failure></testcase><testcase classname="tests.test_batch_expiry.TestG_ExpiredListSchema" name="test_expired_list_returns_batch_details" time="0.478" /><testcase classname="tests.test_batch_expiry.TestSanityGuards" name="test_scan_expiry_requires_auth" time="0.116" /><testcase classname="tests.test_batch_expiry.TestSanityGuards" name="test_scan_expiry_forbids_supplier" time="0.217" /></testsuite></testsuites>